{"/home/travis/build/npmtest/node-npmtest-browserify-css/test.js":{"path":"/home/travis/build/npmtest/node-npmtest-browserify-css/test.js","s":{"1":2,"2":2,"3":2,"4":2,"5":2,"6":2,"7":2,"8":1,"9":2,"10":2,"11":1,"12":1,"13":1,"14":1,"15":2,"16":2,"17":2,"18":2,"19":1,"20":1,"21":2,"22":2,"23":2,"24":1,"25":1,"26":1,"27":1,"28":1,"29":1,"30":1,"31":1,"32":1,"33":1,"34":1,"35":1,"36":1,"37":2,"38":2,"39":1,"40":2,"41":2,"42":1,"43":2,"44":2,"45":1,"46":2,"47":2,"48":1,"49":1,"50":1,"51":1,"52":1},"b":{"1":[2,1,1,1],"2":[1,1,1,1],"3":[1,1],"4":[1,1],"5":[1,1],"6":[1,1],"7":[1,1],"8":[1,1],"9":[1,1,1],"10":[1,1],"11":[1,1],"12":[1,1],"13":[1,1],"14":[1,1],"15":[1,1],"16":[1,1]},"f":{"1":2,"2":2,"3":2,"4":2,"5":2,"6":1,"7":1,"8":2,"9":2,"10":2,"11":2,"12":1},"fnMap":{"1":{"name":"(anonymous_1)","line":12,"loc":{"start":{"line":12,"column":1},"end":{"line":12,"column":13}}},"2":{"name":"(anonymous_2)","line":19,"loc":{"start":{"line":19,"column":5},"end":{"line":19,"column":17}}},"3":{"name":"(anonymous_3)","line":23,"loc":{"start":{"line":23,"column":24},"end":{"line":23,"column":36}}},"4":{"name":"(anonymous_4)","line":61,"loc":{"start":{"line":61,"column":5},"end":{"line":61,"column":17}}},"5":{"name":"(anonymous_5)","line":82,"loc":{"start":{"line":82,"column":5},"end":{"line":82,"column":17}}},"6":{"name":"(anonymous_6)","line":102,"loc":{"start":{"line":102,"column":83},"end":{"line":105,"column":10}},"skip":true},"7":{"name":"(anonymous_7)","line":113,"loc":{"start":{"line":113,"column":77},"end":{"line":116,"column":10}},"skip":true},"8":{"name":"(anonymous_8)","line":129,"loc":{"start":{"line":129,"column":12},"end":{"line":129,"column":40}},"skip":true},"9":{"name":"(anonymous_9)","line":137,"loc":{"start":{"line":137,"column":77},"end":{"line":140,"column":10}},"skip":true},"10":{"name":"(anonymous_10)","line":148,"loc":{"start":{"line":148,"column":83},"end":{"line":151,"column":10}},"skip":true},"11":{"name":"(anonymous_11)","line":159,"loc":{"start":{"line":159,"column":79},"end":{"line":162,"column":10}},"skip":true},"12":{"name":"(anonymous_12)","line":170,"loc":{"start":{"line":170,"column":75},"end":{"line":173,"column":10}},"skip":true}},"statementMap":{"1":{"start":{"line":12,"column":0},"end":{"line":185,"column":5}},"2":{"start":{"line":14,"column":4},"end":{"line":14,"column":14}},"3":{"start":{"line":19,"column":4},"end":{"line":56,"column":9}},"4":{"start":{"line":21,"column":8},"end":{"line":21,"column":19}},"5":{"start":{"line":23,"column":8},"end":{"line":35,"column":13}},"6":{"start":{"line":24,"column":12},"end":{"line":34,"column":13}},"7":{"start":{"line":25,"column":16},"end":{"line":28,"column":30}},"8":{"start":{"line":30,"column":16},"end":{"line":33,"column":27}},"9":{"start":{"line":37,"column":8},"end":{"line":39,"column":21}},"10":{"start":{"line":40,"column":8},"end":{"line":53,"column":9}},"11":{"start":{"line":43,"column":12},"end":{"line":46,"column":14}},"12":{"start":{"line":47,"column":12},"end":{"line":47,"column":18}},"13":{"start":{"line":50,"column":12},"end":{"line":51,"column":46}},"14":{"start":{"line":52,"column":12},"end":{"line":52,"column":18}},"15":{"start":{"line":55,"column":8},"end":{"line":55,"column":35}},"16":{"start":{"line":61,"column":4},"end":{"line":63,"column":9}},"17":{"start":{"line":62,"column":8},"end":{"line":62,"column":15}},"18":{"start":{"line":64,"column":4},"end":{"line":77,"column":5}},"19":{"start":{"line":70,"column":8},"end":{"line":70,"column":14}},"20":{"start":{"line":76,"column":8},"end":{"line":76,"column":14}},"21":{"start":{"line":82,"column":4},"end":{"line":84,"column":9}},"22":{"start":{"line":83,"column":8},"end":{"line":83,"column":15}},"23":{"start":{"line":85,"column":4},"end":{"line":184,"column":5}},"24":{"start":{"line":92,"column":8},"end":{"line":94,"column":63}},"25":{"start":{"line":95,"column":8},"end":{"line":95,"column":14}},"26":{"start":{"line":102,"column":8},"end":{"line":111,"column":10},"skip":true},"27":{"start":{"line":109,"column":12},"end":{"line":109,"column":55},"skip":true},"28":{"start":{"line":110,"column":12},"end":{"line":110,"column":48},"skip":true},"29":{"start":{"line":113,"column":8},"end":{"line":126,"column":10},"skip":true},"30":{"start":{"line":120,"column":12},"end":{"line":120,"column":76},"skip":true},"31":{"start":{"line":121,"column":12},"end":{"line":121,"column":73},"skip":true},"32":{"start":{"line":122,"column":12},"end":{"line":122,"column":74},"skip":true},"33":{"start":{"line":123,"column":12},"end":{"line":123,"column":79},"skip":true},"34":{"start":{"line":124,"column":12},"end":{"line":124,"column":25},"skip":true},"35":{"start":{"line":125,"column":12},"end":{"line":125,"column":45},"skip":true},"36":{"start":{"line":128,"column":8},"end":{"line":135,"column":14},"skip":true},"37":{"start":{"line":133,"column":16},"end":{"line":133,"column":29},"skip":true},"38":{"start":{"line":134,"column":16},"end":{"line":134,"column":55},"skip":true},"39":{"start":{"line":137,"column":8},"end":{"line":146,"column":10},"skip":true},"40":{"start":{"line":144,"column":12},"end":{"line":144,"column":25},"skip":true},"41":{"start":{"line":145,"column":12},"end":{"line":145,"column":45},"skip":true},"42":{"start":{"line":148,"column":8},"end":{"line":157,"column":10},"skip":true},"43":{"start":{"line":155,"column":12},"end":{"line":155,"column":25},"skip":true},"44":{"start":{"line":156,"column":12},"end":{"line":156,"column":48},"skip":true},"45":{"start":{"line":159,"column":8},"end":{"line":168,"column":10},"skip":true},"46":{"start":{"line":166,"column":12},"end":{"line":166,"column":25},"skip":true},"47":{"start":{"line":167,"column":12},"end":{"line":167,"column":46},"skip":true},"48":{"start":{"line":170,"column":8},"end":{"line":179,"column":10},"skip":true},"49":{"start":{"line":177,"column":12},"end":{"line":177,"column":94},"skip":true},"50":{"start":{"line":178,"column":12},"end":{"line":178,"column":48},"skip":true},"51":{"start":{"line":182,"column":8},"end":{"line":182,"column":35},"skip":true},"52":{"start":{"line":183,"column":8},"end":{"line":183,"column":14},"skip":true}},"branchMap":{"1":{"line":25,"type":"binary-expr","locations":[{"start":{"line":25,"column":23},"end":{"line":25,"column":62}},{"start":{"line":26,"column":20},"end":{"line":26,"column":70}},{"start":{"line":27,"column":20},"end":{"line":27,"column":71}},{"start":{"line":28,"column":20},"end":{"line":28,"column":29}}]},"2":{"line":30,"type":"binary-expr","locations":[{"start":{"line":30,"column":23},"end":{"line":30,"column":37}},{"start":{"line":31,"column":20},"end":{"line":31,"column":61}},{"start":{"line":32,"column":20},"end":{"line":32,"column":70}},{"start":{"line":33,"column":20},"end":{"line":33,"column":26}}]},"3":{"line":37,"type":"cond-expr","locations":[{"start":{"line":38,"column":14},"end":{"line":38,"column":20}},{"start":{"line":39,"column":14},"end":{"line":39,"column":20}}]},"4":{"line":40,"type":"switch","locations":[{"start":{"line":42,"column":8},"end":{"line":47,"column":18}},{"start":{"line":49,"column":8},"end":{"line":52,"column":18}}]},"5":{"line":44,"type":"binary-expr","locations":[{"start":{"line":44,"column":16},"end":{"line":44,"column":44}},{"start":{"line":44,"column":48},"end":{"line":44,"column":66}}]},"6":{"line":50,"type":"binary-expr","locations":[{"start":{"line":50,"column":21},"end":{"line":50,"column":49}},{"start":{"line":50,"column":53},"end":{"line":50,"column":72}}]},"7":{"line":64,"type":"switch","locations":[{"start":{"line":69,"column":4},"end":{"line":70,"column":14}},{"start":{"line":75,"column":4},"end":{"line":76,"column":14}}]},"8":{"line":85,"type":"switch","locations":[{"start":{"line":90,"column":4},"end":{"line":95,"column":14}},{"start":{"line":101,"column":4},"end":{"line":183,"column":14},"skip":true}]},"9":{"line":92,"type":"binary-expr","locations":[{"start":{"line":92,"column":18},"end":{"line":92,"column":32}},{"start":{"line":93,"column":12},"end":{"line":93,"column":53}},{"start":{"line":94,"column":12},"end":{"line":94,"column":61}}]},"10":{"line":102,"type":"binary-expr","locations":[{"start":{"line":102,"column":45},"end":{"line":102,"column":79},"skip":true},{"start":{"line":102,"column":83},"end":{"line":111,"column":9},"skip":true}]},"11":{"line":113,"type":"binary-expr","locations":[{"start":{"line":113,"column":42},"end":{"line":113,"column":73},"skip":true},{"start":{"line":113,"column":77},"end":{"line":126,"column":9},"skip":true}]},"12":{"line":128,"type":"binary-expr","locations":[{"start":{"line":128,"column":48},"end":{"line":128,"column":85},"skip":true},{"start":{"line":129,"column":12},"end":{"line":135,"column":13},"skip":true}]},"13":{"line":137,"type":"binary-expr","locations":[{"start":{"line":137,"column":42},"end":{"line":137,"column":73},"skip":true},{"start":{"line":137,"column":77},"end":{"line":146,"column":9},"skip":true}]},"14":{"line":148,"type":"binary-expr","locations":[{"start":{"line":148,"column":45},"end":{"line":148,"column":79},"skip":true},{"start":{"line":148,"column":83},"end":{"line":157,"column":9},"skip":true}]},"15":{"line":159,"type":"binary-expr","locations":[{"start":{"line":159,"column":43},"end":{"line":159,"column":75},"skip":true},{"start":{"line":159,"column":79},"end":{"line":168,"column":9},"skip":true}]},"16":{"line":170,"type":"binary-expr","locations":[{"start":{"line":170,"column":41},"end":{"line":170,"column":71},"skip":true},{"start":{"line":170,"column":75},"end":{"line":179,"column":9},"skip":true}]}},"code":["/* istanbul instrument in package npmtest_browserify_css */","/*jslint","    bitwise: true,","    browser: true,","    maxerr: 8,","    maxlen: 96,","    node: true,","    nomen: true,","    regexp: true,","    stupid: true","*/","(function () {","    'use strict';","    var local;","","","","    // run shared js-env code - pre-init","    (function () {","        // init local","        local = {};","        // init modeJs","        local.modeJs = (function () {","            try {","                return typeof navigator.userAgent === 'string' &&","                    typeof document.querySelector('body') === 'object' &&","                    typeof XMLHttpRequest.prototype.open === 'function' &&","                    'browser';","            } catch (errorCaughtBrowser) {","                return module.exports &&","                    typeof process.versions.node === 'string' &&","                    typeof require('http').createServer === 'function' &&","                    'node';","            }","        }());","        // init global","        local.global = local.modeJs === 'browser'","            ? window","            : global;","        switch (local.modeJs) {","        // re-init local from window.local","        case 'browser':","            local = local.global.utility2.objectSetDefault(","                local.global.utility2_rollup || local.global.local,","                local.global.utility2","            );","            break;","        // re-init local from example.js","        case 'node':","            local = (local.global.utility2_rollup || require('utility2'))","                .requireExampleJsFromReadme();","            break;","        }","        // export local","        local.global.local = local;","    }());","","","","    // run shared js-env code - function","    (function () {","        return;","    }());","    switch (local.modeJs) {","","","","    // run browser js-env code - function","    case 'browser':","        break;","","","","    // run node js-env code - function","    case 'node':","        break;","    }","","","","    // run shared js-env code - post-init","    (function () {","        return;","    }());","    switch (local.modeJs) {","","","","    // run browser js-env code - post-init","    case 'browser':","        // run tests","        local.nop(local.modeTest &&","            document.querySelector('#testRunButton1') &&","            document.querySelector('#testRunButton1').click());","        break;","","","","    // run node js-env code - post-init","    /* istanbul ignore next */","    case 'node':","        local.testCase_buildApidoc_default = local.testCase_buildApidoc_default || function (","            options,","            onError","        ) {","        /*","         * this function will test buildApidoc's default handling-behavior-behavior","         */","            options = { modulePathList: module.paths };","            local.buildApidoc(options, onError);","        };","","        local.testCase_buildApp_default = local.testCase_buildApp_default || function (","            options,","            onError","        ) {","        /*","         * this function will test buildApp's default handling-behavior-behavior","         */","            local.testCase_buildReadme_default(options, local.onErrorThrow);","            local.testCase_buildLib_default(options, local.onErrorThrow);","            local.testCase_buildTest_default(options, local.onErrorThrow);","            local.testCase_buildCustomOrg_default(options, local.onErrorThrow);","            options = [];","            local.buildApp(options, onError);","        };","","        local.testCase_buildCustomOrg_default = local.testCase_buildCustomOrg_default ||","            function (options, onError) {","            /*","             * this function will test buildCustomOrg's default handling-behavior","             */","                options = {};","                local.buildCustomOrg(options, onError);","            };","","        local.testCase_buildLib_default = local.testCase_buildLib_default || function (","            options,","            onError","        ) {","        /*","         * this function will test buildLib's default handling-behavior","         */","            options = {};","            local.buildLib(options, onError);","        };","","        local.testCase_buildReadme_default = local.testCase_buildReadme_default || function (","            options,","            onError","        ) {","        /*","         * this function will test buildReadme's default handling-behavior-behavior","         */","            options = {};","            local.buildReadme(options, onError);","        };","","        local.testCase_buildTest_default = local.testCase_buildTest_default || function (","            options,","            onError","        ) {","        /*","         * this function will test buildTest's default handling-behavior","         */","            options = {};","            local.buildTest(options, onError);","        };","","        local.testCase_webpage_default = local.testCase_webpage_default || function (","            options,","            onError","        ) {","        /*","         * this function will test webpage's default handling-behavior","         */","            options = { modeCoverageMerge: true, url: local.serverLocalHost + '?modeTest=1' };","            local.browserTest(options, onError);","        };","","        // run test-server","        local.testRunServer(local);","        break;","    }","}());",""],"l":{"12":2,"14":2,"19":2,"21":2,"23":2,"24":2,"25":2,"30":1,"37":2,"40":2,"43":1,"47":1,"50":1,"52":1,"55":2,"61":2,"62":2,"64":2,"70":1,"76":1,"82":2,"83":2,"85":2,"92":1,"95":1,"102":1,"109":1,"110":1,"113":1,"120":1,"121":1,"122":1,"123":1,"124":1,"125":1,"128":1,"133":2,"134":2,"137":1,"144":2,"145":2,"148":1,"155":2,"156":2,"159":1,"166":2,"167":2,"170":1,"177":1,"178":1,"182":1,"183":1}},"/home/travis/build/npmtest/node-npmtest-browserify-css/lib.npmtest_browserify_css.js":{"path":"/home/travis/build/npmtest/node-npmtest-browserify-css/lib.npmtest_browserify_css.js","s":{"1":2,"2":2,"3":2,"4":2,"5":2,"6":2,"7":2,"8":1,"9":2,"10":2,"11":2,"12":2,"13":1,"14":1,"15":1,"16":1},"b":{"1":[2,1,1,1],"2":[1,1,1,1],"3":[1,1],"4":[2,2],"5":[1,1]},"f":{"1":2,"2":2,"3":2},"fnMap":{"1":{"name":"(anonymous_1)","line":12,"loc":{"start":{"line":12,"column":1},"end":{"line":12,"column":13}}},"2":{"name":"(anonymous_2)","line":19,"loc":{"start":{"line":19,"column":5},"end":{"line":19,"column":17}}},"3":{"name":"(anonymous_3)","line":23,"loc":{"start":{"line":23,"column":24},"end":{"line":23,"column":36}}}},"statementMap":{"1":{"start":{"line":12,"column":0},"end":{"line":53,"column":5}},"2":{"start":{"line":14,"column":4},"end":{"line":14,"column":14}},"3":{"start":{"line":19,"column":4},"end":{"line":52,"column":9}},"4":{"start":{"line":21,"column":8},"end":{"line":21,"column":19}},"5":{"start":{"line":23,"column":8},"end":{"line":35,"column":13}},"6":{"start":{"line":24,"column":12},"end":{"line":34,"column":13}},"7":{"start":{"line":25,"column":16},"end":{"line":28,"column":30}},"8":{"start":{"line":30,"column":16},"end":{"line":33,"column":27}},"9":{"start":{"line":37,"column":8},"end":{"line":39,"column":21}},"10":{"start":{"line":41,"column":8},"end":{"line":41,"column":54}},"11":{"start":{"line":43,"column":8},"end":{"line":43,"column":59}},"12":{"start":{"line":45,"column":8},"end":{"line":51,"column":9}},"13":{"start":{"line":46,"column":12},"end":{"line":46,"column":65}},"14":{"start":{"line":48,"column":12},"end":{"line":48,"column":35}},"15":{"start":{"line":49,"column":12},"end":{"line":49,"column":49}},"16":{"start":{"line":50,"column":12},"end":{"line":50,"column":43}}},"branchMap":{"1":{"line":25,"type":"binary-expr","locations":[{"start":{"line":25,"column":23},"end":{"line":25,"column":62}},{"start":{"line":26,"column":20},"end":{"line":26,"column":70}},{"start":{"line":27,"column":20},"end":{"line":27,"column":71}},{"start":{"line":28,"column":20},"end":{"line":28,"column":29}}]},"2":{"line":30,"type":"binary-expr","locations":[{"start":{"line":30,"column":23},"end":{"line":30,"column":37}},{"start":{"line":31,"column":20},"end":{"line":31,"column":61}},{"start":{"line":32,"column":20},"end":{"line":32,"column":70}},{"start":{"line":33,"column":20},"end":{"line":33,"column":26}}]},"3":{"line":37,"type":"cond-expr","locations":[{"start":{"line":38,"column":14},"end":{"line":38,"column":20}},{"start":{"line":39,"column":14},"end":{"line":39,"column":20}}]},"4":{"line":41,"type":"binary-expr","locations":[{"start":{"line":41,"column":16},"end":{"line":41,"column":44}},{"start":{"line":41,"column":48},"end":{"line":41,"column":53}}]},"5":{"line":45,"type":"if","locations":[{"start":{"line":45,"column":8},"end":{"line":45,"column":8}},{"start":{"line":45,"column":8},"end":{"line":45,"column":8}}]}},"code":["/* istanbul instrument in package npmtest_browserify_css */","/*jslint","    bitwise: true,","    browser: true,","    maxerr: 8,","    maxlen: 96,","    node: true,","    nomen: true,","    regexp: true,","    stupid: true","*/","(function () {","    'use strict';","    var local;","","","","    // run shared js-env code - pre-init","    (function () {","        // init local","        local = {};","        // init modeJs","        local.modeJs = (function () {","            try {","                return typeof navigator.userAgent === 'string' &&","                    typeof document.querySelector('body') === 'object' &&","                    typeof XMLHttpRequest.prototype.open === 'function' &&","                    'browser';","            } catch (errorCaughtBrowser) {","                return module.exports &&","                    typeof process.versions.node === 'string' &&","                    typeof require('http').createServer === 'function' &&","                    'node';","            }","        }());","        // init global","        local.global = local.modeJs === 'browser'","            ? window","            : global;","        // init utility2_rollup","        local = local.global.utility2_rollup || local;","        // init lib","        local.local = local.npmtest_browserify_css = local;","        // init exports","        if (local.modeJs === 'browser') {","            local.global.utility2_npmtest_browserify_css = local;","        } else {","            module.exports = local;","            module.exports.__dirname = __dirname;","            module.exports.module = module;","        }","    }());","}());",""],"l":{"12":2,"14":2,"19":2,"21":2,"23":2,"24":2,"25":2,"30":1,"37":2,"41":2,"43":2,"45":2,"46":1,"48":1,"49":1,"50":1}},"/home/travis/build/npmtest/node-npmtest-browserify-css/example.js":{"path":"/home/travis/build/npmtest/node-npmtest-browserify-css/example.js","s":{"1":2,"2":2,"3":2,"4":2,"5":2,"6":2,"7":2,"8":1,"9":2,"10":2,"11":2,"12":2,"13":1,"14":2,"15":2,"16":2,"17":2,"18":2,"19":0,"20":2,"21":1,"22":1,"23":1,"24":1,"25":1,"26":0,"27":0,"28":1,"29":1,"30":2,"31":0,"32":0,"33":0,"34":1,"35":2,"36":2,"37":2,"38":2,"39":2,"40":2,"41":0,"42":2,"43":2,"44":2,"45":1,"46":3,"47":1,"48":1,"49":1,"50":1,"51":1,"52":1,"53":1,"54":1,"55":1,"56":1,"57":0,"58":1,"59":6,"60":6,"61":1,"62":2,"63":0,"64":2,"65":1,"66":1,"67":0,"68":0,"69":0,"70":0,"71":0,"72":0,"73":0,"74":0,"75":0,"76":0,"77":0,"78":0,"79":0,"80":0,"81":0,"82":0,"83":0},"b":{"1":[2,1,1,1],"2":[1,1,1,1],"3":[1,1],"4":[2,2],"5":[1,1],"6":[1,1],"7":[2,0],"8":[2,1,1,1,1,1],"9":[0,2,0],"10":[1,1],"11":[2,1,1],"12":[1,0],"13":[0,2],"14":[2,0,0,0,0,0,0],"15":[0,2],"16":[2,0],"17":[1,1],"18":[0,1],"19":[1,2,0,2],"20":[1,0],"21":[1,1],"22":[0,0],"23":[0,0],"24":[0,0],"25":[0,0],"26":[0,0],"27":[0,0],"28":[0,0]},"f":{"1":2,"2":2,"3":2,"4":2,"5":2,"6":2,"7":2,"8":2,"9":3,"10":1,"11":6,"12":0},"fnMap":{"1":{"name":"(anonymous_1)","line":26,"loc":{"start":{"line":26,"column":1},"end":{"line":26,"column":13}}},"2":{"name":"(anonymous_2)","line":33,"loc":{"start":{"line":33,"column":5},"end":{"line":33,"column":17}}},"3":{"name":"(anonymous_3)","line":37,"loc":{"start":{"line":37,"column":24},"end":{"line":37,"column":36}}},"4":{"name":"(anonymous_4)","line":69,"loc":{"start":{"line":69,"column":31},"end":{"line":69,"column":48}},"skip":true},"5":{"name":"(anonymous_5)","line":78,"loc":{"start":{"line":78,"column":26},"end":{"line":78,"column":45}},"skip":true},"6":{"name":"(anonymous_6)","line":123,"loc":{"start":{"line":123,"column":33},"end":{"line":123,"column":48}},"skip":true},"7":{"name":"(anonymous_7)","line":125,"loc":{"start":{"line":125,"column":27},"end":{"line":125,"column":39}},"skip":true},"8":{"name":"(anonymous_8)","line":133,"loc":{"start":{"line":133,"column":59},"end":{"line":133,"column":74}},"skip":true},"9":{"name":"(anonymous_9)","line":143,"loc":{"start":{"line":143,"column":45},"end":{"line":143,"column":62}},"skip":true},"10":{"name":"(anonymous_10)","line":144,"loc":{"start":{"line":144,"column":73},"end":{"line":144,"column":92}},"skip":true},"11":{"name":"(anonymous_11)","line":272,"loc":{"start":{"line":272,"column":51},"end":{"line":272,"column":77}},"skip":true},"12":{"name":"(anonymous_12)","line":314,"loc":{"start":{"line":314,"column":32},"end":{"line":314,"column":61}},"skip":true}},"statementMap":{"1":{"start":{"line":26,"column":0},"end":{"line":325,"column":5}},"2":{"start":{"line":28,"column":4},"end":{"line":28,"column":14}},"3":{"start":{"line":33,"column":4},"end":{"line":60,"column":9}},"4":{"start":{"line":35,"column":8},"end":{"line":35,"column":19}},"5":{"start":{"line":37,"column":8},"end":{"line":49,"column":13}},"6":{"start":{"line":38,"column":12},"end":{"line":48,"column":13}},"7":{"start":{"line":39,"column":16},"end":{"line":42,"column":30}},"8":{"start":{"line":44,"column":16},"end":{"line":47,"column":27}},"9":{"start":{"line":51,"column":8},"end":{"line":53,"column":21}},"10":{"start":{"line":55,"column":8},"end":{"line":57,"column":45}},"11":{"start":{"line":59,"column":8},"end":{"line":59,"column":35}},"12":{"start":{"line":61,"column":4},"end":{"line":324,"column":5}},"13":{"start":{"line":69,"column":8},"end":{"line":121,"column":10},"skip":true},"14":{"start":{"line":70,"column":12},"end":{"line":88,"column":13},"skip":true},"15":{"start":{"line":76,"column":16},"end":{"line":87,"column":19},"skip":true},"16":{"start":{"line":79,"column":20},"end":{"line":86,"column":21},"skip":true},"17":{"start":{"line":82,"column":24},"end":{"line":82,"column":43},"skip":true},"18":{"start":{"line":83,"column":24},"end":{"line":83,"column":30},"skip":true},"19":{"start":{"line":85,"column":24},"end":{"line":85,"column":49},"skip":true},"20":{"start":{"line":89,"column":12},"end":{"line":107,"column":13},"skip":true},"21":{"start":{"line":92,"column":16},"end":{"line":102,"column":17},"skip":true},"22":{"start":{"line":93,"column":20},"end":{"line":93,"column":86},"skip":true},"23":{"start":{"line":94,"column":20},"end":{"line":95,"column":45},"skip":true},"24":{"start":{"line":96,"column":20},"end":{"line":96,"column":42},"skip":true},"25":{"start":{"line":97,"column":20},"end":{"line":97,"column":48},"skip":true},"26":{"start":{"line":100,"column":20},"end":{"line":100,"column":85},"skip":true},"27":{"start":{"line":101,"column":20},"end":{"line":101,"column":96},"skip":true},"28":{"start":{"line":103,"column":16},"end":{"line":103,"column":22},"skip":true},"29":{"start":{"line":106,"column":16},"end":{"line":106,"column":22},"skip":true},"30":{"start":{"line":108,"column":12},"end":{"line":120,"column":13},"skip":true},"31":{"start":{"line":114,"column":16},"end":{"line":119,"column":17},"skip":true},"32":{"start":{"line":116,"column":20},"end":{"line":116,"column":78},"skip":true},"33":{"start":{"line":118,"column":20},"end":{"line":118,"column":47},"skip":true},"34":{"start":{"line":123,"column":8},"end":{"line":141,"column":11},"skip":true},"35":{"start":{"line":124,"column":12},"end":{"line":124,"column":54},"skip":true},"36":{"start":{"line":125,"column":12},"end":{"line":140,"column":14},"skip":true},"37":{"start":{"line":126,"column":16},"end":{"line":126,"column":28},"skip":true},"38":{"start":{"line":127,"column":16},"end":{"line":127,"column":69},"skip":true},"39":{"start":{"line":128,"column":16},"end":{"line":128,"column":75},"skip":true},"40":{"start":{"line":129,"column":16},"end":{"line":131,"column":17},"skip":true},"41":{"start":{"line":130,"column":20},"end":{"line":130,"column":27},"skip":true},"42":{"start":{"line":133,"column":16},"end":{"line":137,"column":36},"skip":true},"43":{"start":{"line":134,"column":20},"end":{"line":136,"column":55},"skip":true},"44":{"start":{"line":139,"column":16},"end":{"line":139,"column":57},"skip":true},"45":{"start":{"line":143,"column":8},"end":{"line":147,"column":11},"skip":true},"46":{"start":{"line":144,"column":12},"end":{"line":146,"column":15},"skip":true},"47":{"start":{"line":145,"column":16},"end":{"line":145,"column":70},"skip":true},"48":{"start":{"line":149,"column":8},"end":{"line":149,"column":31},"skip":true},"49":{"start":{"line":150,"column":8},"end":{"line":150,"column":14},"skip":true},"50":{"start":{"line":158,"column":8},"end":{"line":158,"column":31},"skip":true},"51":{"start":{"line":160,"column":8},"end":{"line":160,"column":33},"skip":true},"52":{"start":{"line":161,"column":8},"end":{"line":161,"column":37},"skip":true},"53":{"start":{"line":162,"column":8},"end":{"line":162,"column":35},"skip":true},"54":{"start":{"line":164,"column":8},"end":{"line":164,"column":50},"skip":true},"55":{"start":{"line":166,"column":8},"end":{"line":256,"column":2},"skip":true},"56":{"start":{"line":258,"column":8},"end":{"line":286,"column":9},"skip":true},"57":{"start":{"line":259,"column":12},"end":{"line":269,"column":14},"skip":true},"58":{"start":{"line":271,"column":12},"end":{"line":285,"column":19},"skip":true},"59":{"start":{"line":274,"column":20},"end":{"line":274,"column":35},"skip":true},"60":{"start":{"line":275,"column":20},"end":{"line":284,"column":21},"skip":true},"61":{"start":{"line":277,"column":24},"end":{"line":277,"column":64},"skip":true},"62":{"start":{"line":279,"column":24},"end":{"line":279,"column":40},"skip":true},"63":{"start":{"line":281,"column":24},"end":{"line":281,"column":40},"skip":true},"64":{"start":{"line":283,"column":24},"end":{"line":283,"column":39},"skip":true},"65":{"start":{"line":288,"column":8},"end":{"line":290,"column":9},"skip":true},"66":{"start":{"line":289,"column":12},"end":{"line":289,"column":18},"skip":true},"67":{"start":{"line":291,"column":8},"end":{"line":293,"column":54},"skip":true},"68":{"start":{"line":294,"column":8},"end":{"line":301,"column":37},"skip":true},"69":{"start":{"line":302,"column":8},"end":{"line":302,"column":82},"skip":true},"70":{"start":{"line":305,"column":8},"end":{"line":307,"column":9},"skip":true},"71":{"start":{"line":306,"column":12},"end":{"line":306,"column":82},"skip":true},"72":{"start":{"line":309,"column":8},"end":{"line":311,"column":9},"skip":true},"73":{"start":{"line":310,"column":12},"end":{"line":310,"column":18},"skip":true},"74":{"start":{"line":312,"column":8},"end":{"line":312,"column":54},"skip":true},"75":{"start":{"line":313,"column":8},"end":{"line":313,"column":69},"skip":true},"76":{"start":{"line":314,"column":8},"end":{"line":322,"column":36},"skip":true},"77":{"start":{"line":315,"column":12},"end":{"line":315,"column":61},"skip":true},"78":{"start":{"line":316,"column":12},"end":{"line":319,"column":13},"skip":true},"79":{"start":{"line":317,"column":16},"end":{"line":317,"column":75},"skip":true},"80":{"start":{"line":318,"column":16},"end":{"line":318,"column":23},"skip":true},"81":{"start":{"line":320,"column":12},"end":{"line":320,"column":38},"skip":true},"82":{"start":{"line":321,"column":12},"end":{"line":321,"column":27},"skip":true},"83":{"start":{"line":323,"column":8},"end":{"line":323,"column":14},"skip":true}},"branchMap":{"1":{"line":39,"type":"binary-expr","locations":[{"start":{"line":39,"column":23},"end":{"line":39,"column":62}},{"start":{"line":40,"column":20},"end":{"line":40,"column":70}},{"start":{"line":41,"column":20},"end":{"line":41,"column":71}},{"start":{"line":42,"column":20},"end":{"line":42,"column":29}}]},"2":{"line":44,"type":"binary-expr","locations":[{"start":{"line":44,"column":23},"end":{"line":44,"column":37}},{"start":{"line":45,"column":20},"end":{"line":45,"column":61}},{"start":{"line":46,"column":20},"end":{"line":46,"column":70}},{"start":{"line":47,"column":20},"end":{"line":47,"column":26}}]},"3":{"line":51,"type":"cond-expr","locations":[{"start":{"line":52,"column":14},"end":{"line":52,"column":20}},{"start":{"line":53,"column":14},"end":{"line":53,"column":20}}]},"4":{"line":55,"type":"binary-expr","locations":[{"start":{"line":55,"column":16},"end":{"line":55,"column":44}},{"start":{"line":55,"column":49},"end":{"line":57,"column":43}}]},"5":{"line":55,"type":"cond-expr","locations":[{"start":{"line":56,"column":14},"end":{"line":56,"column":58}},{"start":{"line":57,"column":14},"end":{"line":57,"column":43}}]},"6":{"line":61,"type":"switch","locations":[{"start":{"line":68,"column":4},"end":{"line":150,"column":14},"skip":true},{"start":{"line":156,"column":4},"end":{"line":323,"column":14},"skip":true}]},"7":{"line":70,"type":"if","locations":[{"start":{"line":70,"column":12},"end":{"line":70,"column":12},"skip":true},{"start":{"line":70,"column":12},"end":{"line":70,"column":12},"skip":true}]},"8":{"line":70,"type":"binary-expr","locations":[{"start":{"line":70,"column":16},"end":{"line":70,"column":22},"skip":true},{"start":{"line":70,"column":27},"end":{"line":70,"column":32},"skip":true},{"start":{"line":71,"column":20},"end":{"line":71,"column":39},"skip":true},{"start":{"line":72,"column":20},"end":{"line":72,"column":49},"skip":true},{"start":{"line":73,"column":20},"end":{"line":73,"column":58},"skip":true},{"start":{"line":74,"column":20},"end":{"line":74,"column":69},"skip":true}]},"9":{"line":79,"type":"switch","locations":[{"start":{"line":80,"column":20},"end":{"line":80,"column":33},"skip":true},{"start":{"line":81,"column":20},"end":{"line":83,"column":30},"skip":true},{"start":{"line":84,"column":20},"end":{"line":85,"column":49},"skip":true}]},"10":{"line":89,"type":"switch","locations":[{"start":{"line":90,"column":12},"end":{"line":103,"column":22},"skip":true},{"start":{"line":105,"column":12},"end":{"line":106,"column":22},"skip":true}]},"11":{"line":89,"type":"binary-expr","locations":[{"start":{"line":89,"column":20},"end":{"line":89,"column":25},"skip":true},{"start":{"line":89,"column":29},"end":{"line":89,"column":48},"skip":true},{"start":{"line":89,"column":52},"end":{"line":89,"column":74},"skip":true}]},"12":{"line":92,"type":"if","locations":[{"start":{"line":92,"column":16},"end":{"line":92,"column":16},"skip":true},{"start":{"line":92,"column":16},"end":{"line":92,"column":16},"skip":true}]},"13":{"line":108,"type":"if","locations":[{"start":{"line":108,"column":12},"end":{"line":108,"column":12},"skip":true},{"start":{"line":108,"column":12},"end":{"line":108,"column":12},"skip":true}]},"14":{"line":108,"type":"binary-expr","locations":[{"start":{"line":108,"column":16},"end":{"line":108,"column":61},"skip":true},{"start":{"line":108,"column":66},"end":{"line":108,"column":72},"skip":true},{"start":{"line":108,"column":77},"end":{"line":108,"column":82},"skip":true},{"start":{"line":109,"column":20},"end":{"line":109,"column":39},"skip":true},{"start":{"line":110,"column":20},"end":{"line":110,"column":49},"skip":true},{"start":{"line":111,"column":20},"end":{"line":111,"column":58},"skip":true},{"start":{"line":112,"column":20},"end":{"line":112,"column":68},"skip":true}]},"15":{"line":129,"type":"if","locations":[{"start":{"line":129,"column":16},"end":{"line":129,"column":16},"skip":true},{"start":{"line":129,"column":16},"end":{"line":129,"column":16},"skip":true}]},"16":{"line":134,"type":"cond-expr","locations":[{"start":{"line":135,"column":26},"end":{"line":135,"column":29},"skip":true},{"start":{"line":136,"column":26},"end":{"line":136,"column":54},"skip":true}]},"17":{"line":164,"type":"binary-expr","locations":[{"start":{"line":164,"column":27},"end":{"line":164,"column":43},"skip":true},{"start":{"line":164,"column":47},"end":{"line":164,"column":49},"skip":true}]},"18":{"line":258,"type":"if","locations":[{"start":{"line":258,"column":8},"end":{"line":258,"column":8},"skip":true},{"start":{"line":258,"column":8},"end":{"line":258,"column":8},"skip":true}]},"19":{"line":275,"type":"switch","locations":[{"start":{"line":276,"column":20},"end":{"line":277,"column":64},"skip":true},{"start":{"line":278,"column":20},"end":{"line":279,"column":40},"skip":true},{"start":{"line":280,"column":20},"end":{"line":281,"column":40},"skip":true},{"start":{"line":282,"column":20},"end":{"line":283,"column":39},"skip":true}]},"20":{"line":288,"type":"if","locations":[{"start":{"line":288,"column":8},"end":{"line":288,"column":8},"skip":true},{"start":{"line":288,"column":8},"end":{"line":288,"column":8},"skip":true}]},"21":{"line":288,"type":"binary-expr","locations":[{"start":{"line":288,"column":12},"end":{"line":288,"column":40},"skip":true},{"start":{"line":288,"column":44},"end":{"line":288,"column":67},"skip":true}]},"22":{"line":292,"type":"binary-expr","locations":[{"start":{"line":292,"column":12},"end":{"line":292,"column":50},"skip":true},{"start":{"line":293,"column":12},"end":{"line":293,"column":53},"skip":true}]},"23":{"line":295,"type":"binary-expr","locations":[{"start":{"line":295,"column":12},"end":{"line":295,"column":72},"skip":true},{"start":{"line":296,"column":12},"end":{"line":301,"column":36},"skip":true}]},"24":{"line":302,"type":"binary-expr","locations":[{"start":{"line":302,"column":43},"end":{"line":302,"column":75},"skip":true},{"start":{"line":302,"column":79},"end":{"line":302,"column":81},"skip":true}]},"25":{"line":305,"type":"if","locations":[{"start":{"line":305,"column":8},"end":{"line":305,"column":8},"skip":true},{"start":{"line":305,"column":8},"end":{"line":305,"column":8},"skip":true}]},"26":{"line":309,"type":"if","locations":[{"start":{"line":309,"column":8},"end":{"line":309,"column":8},"skip":true},{"start":{"line":309,"column":8},"end":{"line":309,"column":8},"skip":true}]},"27":{"line":312,"type":"binary-expr","locations":[{"start":{"line":312,"column":27},"end":{"line":312,"column":43},"skip":true},{"start":{"line":312,"column":47},"end":{"line":312,"column":53},"skip":true}]},"28":{"line":316,"type":"if","locations":[{"start":{"line":316,"column":12},"end":{"line":316,"column":12},"skip":true},{"start":{"line":316,"column":12},"end":{"line":316,"column":12},"skip":true}]}},"code":["/*","example.js","","quickstart example","","instruction","    1. save this script as example.js","    2. run the shell command:","        $ npm install npmtest-browserify-css && PORT=8081 node example.js","    3. play with the browser-demo on http://127.0.0.1:8081","*/","","","","/* istanbul instrument in package npmtest_browserify_css */","/*jslint","    bitwise: true,","    browser: true,","    maxerr: 8,","    maxlen: 96,","    node: true,","    nomen: true,","    regexp: true,","    stupid: true","*/","(function () {","    'use strict';","    var local;","","","","    // run shared js-env code - pre-init","    (function () {","        // init local","        local = {};","        // init modeJs","        local.modeJs = (function () {","            try {","                return typeof navigator.userAgent === 'string' &&","                    typeof document.querySelector('body') === 'object' &&","                    typeof XMLHttpRequest.prototype.open === 'function' &&","                    'browser';","            } catch (errorCaughtBrowser) {","                return module.exports &&","                    typeof process.versions.node === 'string' &&","                    typeof require('http').createServer === 'function' &&","                    'node';","            }","        }());","        // init global","        local.global = local.modeJs === 'browser'","            ? window","            : global;","        // init utility2_rollup","        local = local.global.utility2_rollup || (local.modeJs === 'browser'","            ? local.global.utility2_npmtest_browserify_css","            : global.utility2_moduleExports);","        // export local","        local.global.local = local;","    }());","    switch (local.modeJs) {","","","","    // post-init","    // run browser js-env code - post-init","    /* istanbul ignore next */","    case 'browser':","        local.testRunBrowser = function (event) {","            if (!event || (event &&","                    event.currentTarget &&","                    event.currentTarget.className &&","                    event.currentTarget.className.includes &&","                    event.currentTarget.className.includes('onreset'))) {","                // reset output","                Array.from(","                    document.querySelectorAll('body > .resettable')","                ).forEach(function (element) {","                    switch (element.tagName) {","                    case 'INPUT':","                    case 'TEXTAREA':","                        element.value = '';","                        break;","                    default:","                        element.textContent = '';","                    }","                });","            }","            switch (event && event.currentTarget && event.currentTarget.id) {","            case 'testRunButton1':","                // show tests","                if (document.querySelector('#testReportDiv1').style.display === 'none') {","                    document.querySelector('#testReportDiv1').style.display = 'block';","                    document.querySelector('#testRunButton1').textContent =","                        'hide internal test';","                    local.modeTest = true;","                    local.testRunDefault(local);","                // hide tests","                } else {","                    document.querySelector('#testReportDiv1').style.display = 'none';","                    document.querySelector('#testRunButton1').textContent = 'run internal test';","                }","                break;","            // custom-case","            default:","                break;","            }","            if (document.querySelector('#inputTextareaEval1') && (!event || (event &&","                    event.currentTarget &&","                    event.currentTarget.className &&","                    event.currentTarget.className.includes &&","                    event.currentTarget.className.includes('oneval')))) {","                // try to eval input-code","                try {","                    /*jslint evil: true*/","                    eval(document.querySelector('#inputTextareaEval1').value);","                } catch (errorCaught) {","                    console.error(errorCaught);","                }","            }","        };","        // log stderr and stdout to #outputTextareaStdout1","        ['error', 'log'].forEach(function (key) {","            console[key + '_original'] = console[key];","            console[key] = function () {","                var element;","                console[key + '_original'].apply(console, arguments);","                element = document.querySelector('#outputTextareaStdout1');","                if (!element) {","                    return;","                }","                // append text to #outputTextareaStdout1","                element.value += Array.from(arguments).map(function (arg) {","                    return typeof arg === 'string'","                        ? arg","                        : JSON.stringify(arg, null, 4);","                }).join(' ') + '\\n';","                // scroll textarea to bottom","                element.scrollTop = element.scrollHeight;","            };","        });","        // init event-handling","        ['change', 'click', 'keyup'].forEach(function (event) {","            Array.from(document.querySelectorAll('.on' + event)).forEach(function (element) {","                element.addEventListener(event, local.testRunBrowser);","            });","        });","        // run tests","        local.testRunBrowser();","        break;","","","","    // run node js-env code - post-init","    /* istanbul ignore next */","    case 'node':","        // export local","        module.exports = local;","        // require modules","        local.fs = require('fs');","        local.http = require('http');","        local.url = require('url');","        // init assets","        local.assetsDict = local.assetsDict || {};","        /* jslint-ignore-begin */","        local.assetsDict['/assets.index.template.html'] = '\\","<!doctype html>\\n\\","<html lang=\"en\">\\n\\","<head>\\n\\","<meta charset=\"UTF-8\">\\n\\","<meta name=\"viewport\" content=\"width=device-width, initial-scale=1\">\\n\\","<title>{{env.npm_package_name}} (v{{env.npm_package_version}})</title>\\n\\","<style>\\n\\","/*csslint\\n\\","    box-sizing: false,\\n\\","    universal-selector: false\\n\\","*/\\n\\","* {\\n\\","    box-sizing: border-box;\\n\\","}\\n\\","body {\\n\\","    background: #dde;\\n\\","    font-family: Arial, Helvetica, sans-serif;\\n\\","    margin: 2rem;\\n\\","}\\n\\","body > * {\\n\\","    margin-bottom: 1rem;\\n\\","}\\n\\",".utility2FooterDiv {\\n\\","    margin-top: 20px;\\n\\","    text-align: center;\\n\\","}\\n\\","</style>\\n\\","<style>\\n\\","/*csslint\\n\\","*/\\n\\","textarea {\\n\\","    font-family: monospace;\\n\\","    height: 10rem;\\n\\","    width: 100%;\\n\\","}\\n\\","textarea[readonly] {\\n\\","    background: #ddd;\\n\\","}\\n\\","</style>\\n\\","</head>\\n\\","<body>\\n\\","<!-- utility2-comment\\n\\","<div id=\"ajaxProgressDiv1\" style=\"background: #d00; height: 2px; left: 0; margin: 0; padding: 0; position: fixed; top: 0; transition: background 0.5s, width 1.5s; width: 25%;\"></div>\\n\\","utility2-comment -->\\n\\","<h1>\\n\\","<!-- utility2-comment\\n\\","    <a\\n\\","        {{#if env.npm_package_homepage}}\\n\\","        href=\"{{env.npm_package_homepage}}\"\\n\\","        {{/if env.npm_package_homepage}}\\n\\","        target=\"_blank\"\\n\\","    >\\n\\","utility2-comment -->\\n\\","        {{env.npm_package_name}} (v{{env.npm_package_version}})\\n\\","<!-- utility2-comment\\n\\","    </a>\\n\\","utility2-comment -->\\n\\","</h1>\\n\\","<h3>{{env.npm_package_description}}</h3>\\n\\","<!-- utility2-comment\\n\\","<h4><a download href=\"assets.app.js\">download standalone app</a></h4>\\n\\","<button class=\"onclick onreset\" id=\"testRunButton1\">run internal test</button><br>\\n\\","<div id=\"testReportDiv1\" style=\"display: none;\"></div>\\n\\","utility2-comment -->\\n\\","\\n\\","\\n\\","\\n\\","<label>stderr and stdout</label>\\n\\","<textarea class=\"resettable\" id=\"outputTextareaStdout1\" readonly></textarea>\\n\\","<!-- utility2-comment\\n\\","{{#if isRollup}}\\n\\","<script src=\"assets.app.js\"></script>\\n\\","{{#unless isRollup}}\\n\\","utility2-comment -->\\n\\","<script src=\"assets.utility2.rollup.js\"></script>\\n\\","<script src=\"jsonp.utility2._stateInit?callback=window.utility2._stateInit\"></script>\\n\\","<script src=\"assets.npmtest_browserify_css.rollup.js\"></script>\\n\\","<script src=\"assets.example.js\"></script>\\n\\","<script src=\"assets.test.js\"></script>\\n\\","<!-- utility2-comment\\n\\","{{/if isRollup}}\\n\\","utility2-comment -->\\n\\","<div class=\"utility2FooterDiv\">\\n\\","    [ this app was created with\\n\\","    <a href=\"https://github.com/kaizhu256/node-utility2\" target=\"_blank\">utility2</a>\\n\\","    ]\\n\\","</div>\\n\\","</body>\\n\\","</html>\\n\\","';","        /* jslint-ignore-end */","        if (local.templateRender) {","            local.assetsDict['/'] = local.templateRender(","                local.assetsDict['/assets.index.template.html'],","                {","                    env: local.objectSetDefault(local.env, {","                        npm_package_description: 'the greatest app in the world!',","                        npm_package_name: 'my-app',","                        npm_package_nameAlias: 'my_app',","                        npm_package_version: '0.0.1'","                    })","                }","            );","        } else {","            local.assetsDict['/'] = local.assetsDict['/assets.index.template.html']","                .replace((/\\{\\{env\\.(\\w+?)\\}\\}/g), function (match0, match1) {","                    // jslint-hack","                    String(match0);","                    switch (match1) {","                    case 'npm_package_description':","                        return 'the greatest app in the world!';","                    case 'npm_package_name':","                        return 'my-app';","                    case 'npm_package_nameAlias':","                        return 'my_app';","                    case 'npm_package_version':","                        return '0.0.1';","                    }","                });","        }","        // run the cli","        if (local.global.utility2_rollup || module !== require.main) {","            break;","        }","        local.assetsDict['/assets.example.js'] =","            local.assetsDict['/assets.example.js'] ||","            local.fs.readFileSync(__filename, 'utf8');","        local.assetsDict['/assets.npmtest_browserify_css.rollup.js'] =","            local.assetsDict['/assets.npmtest_browserify_css.rollup.js'] ||","            local.fs.readFileSync(","                // buildCustomOrg-hack","                local.npmtest_browserify_css.__dirname +","                    '/lib.npmtest_browserify_css.js',","                'utf8'","            ).replace((/^#!/), '//');","        local.assetsDict['/favicon.ico'] = local.assetsDict['/favicon.ico'] || '';","        // if $npm_config_timeout_exit exists,","        // then exit this process after $npm_config_timeout_exit ms","        if (Number(process.env.npm_config_timeout_exit)) {","            setTimeout(process.exit, Number(process.env.npm_config_timeout_exit));","        }","        // start server","        if (local.global.utility2_serverHttp1) {","            break;","        }","        process.env.PORT = process.env.PORT || '8081';","        console.error('server starting on port ' + process.env.PORT);","        local.http.createServer(function (request, response) {","            request.urlParsed = local.url.parse(request.url);","            if (local.assetsDict[request.urlParsed.pathname] !== undefined) {","                response.end(local.assetsDict[request.urlParsed.pathname]);","                return;","            }","            response.statusCode = 404;","            response.end();","        }).listen(process.env.PORT);","        break;","    }","}());",""],"l":{"26":2,"28":2,"33":2,"35":2,"37":2,"38":2,"39":2,"44":1,"51":2,"55":2,"59":2,"61":2,"69":1,"70":2,"76":2,"79":2,"82":2,"83":2,"85":1,"89":2,"92":1,"93":1,"94":1,"96":1,"97":1,"100":1,"101":1,"103":1,"106":1,"108":2,"114":1,"116":1,"118":1,"123":1,"124":2,"125":2,"126":2,"127":2,"128":2,"129":2,"130":1,"133":2,"134":2,"139":2,"143":1,"144":3,"145":1,"149":1,"150":1,"158":1,"160":1,"161":1,"162":1,"164":1,"166":1,"258":1,"259":1,"271":1,"274":6,"275":6,"277":1,"279":2,"281":1,"283":2,"288":1,"289":1,"291":1,"294":1,"302":1,"305":1,"306":1,"309":1,"310":1,"312":1,"313":1,"314":1,"315":1,"316":1,"317":1,"318":1,"320":1,"321":1,"323":1}},"/home/travis/build/npmtest/node-npmtest-browserify-css/node_modules/browserify-css/index.js":{"path":"/home/travis/build/npmtest/node-npmtest-browserify-css/node_modules/browserify-css/index.js","s":{"1":1,"2":1,"3":1,"4":1,"5":1,"6":1,"7":1,"8":0,"9":1,"10":1,"11":1,"12":1,"13":0,"14":0,"15":0,"16":1,"17":1,"18":0,"19":0,"20":0,"21":0,"22":0,"23":0,"24":0,"25":0,"26":0,"27":0,"28":0,"29":0,"30":0,"31":0,"32":0,"33":0,"34":0,"35":0,"36":0,"37":0,"38":0,"39":0,"40":0,"41":0,"42":0},"b":{"1":[1,0],"2":[1,1],"3":[0,1],"4":[0,0],"5":[0,0],"6":[0,0],"7":[0,0],"8":[0,0],"9":[0,0],"10":[0,0]},"f":{"1":0,"2":0,"3":0,"4":0,"5":0,"6":0},"fnMap":{"1":{"name":"(anonymous_1)","line":22,"loc":{"start":{"line":22,"column":13},"end":{"line":22,"column":37}}},"2":{"name":"(anonymous_2)","line":39,"loc":{"start":{"line":39,"column":17},"end":{"line":39,"column":42}}},"3":{"name":"transform","line":49,"loc":{"start":{"line":49,"column":8},"end":{"line":49,"column":45}}},"4":{"name":"flush","line":53,"loc":{"start":{"line":53,"column":8},"end":{"line":53,"column":29}}},"5":{"name":"(anonymous_5)","line":56,"loc":{"start":{"line":56,"column":55},"end":{"line":56,"column":70}}},"6":{"name":"(anonymous_6)","line":71,"loc":{"start":{"line":71,"column":19},"end":{"line":71,"column":40}}}},"statementMap":{"1":{"start":{"line":3,"column":0},"end":{"line":3,"column":26}},"2":{"start":{"line":4,"column":0},"end":{"line":4,"column":34}},"3":{"start":{"line":5,"column":0},"end":{"line":5,"column":23}},"4":{"start":{"line":6,"column":0},"end":{"line":6,"column":27}},"5":{"start":{"line":7,"column":0},"end":{"line":7,"column":46}},"6":{"start":{"line":8,"column":0},"end":{"line":8,"column":36}},"7":{"start":{"line":10,"column":0},"end":{"line":25,"column":2}},"8":{"start":{"line":23,"column":8},"end":{"line":23,"column":15}},"9":{"start":{"line":27,"column":0},"end":{"line":36,"column":1}},"10":{"start":{"line":28,"column":4},"end":{"line":28,"column":83}},"11":{"start":{"line":29,"column":4},"end":{"line":29,"column":52}},"12":{"start":{"line":30,"column":4},"end":{"line":33,"column":5}},"13":{"start":{"line":31,"column":8},"end":{"line":31,"column":59}},"14":{"start":{"line":32,"column":8},"end":{"line":32,"column":64}},"15":{"start":{"line":35,"column":4},"end":{"line":35,"column":23}},"16":{"start":{"line":37,"column":0},"end":{"line":37,"column":40}},"17":{"start":{"line":39,"column":0},"end":{"line":93,"column":2}},"18":{"start":{"line":40,"column":4},"end":{"line":42,"column":5}},"19":{"start":{"line":41,"column":8},"end":{"line":41,"column":25}},"20":{"start":{"line":44,"column":4},"end":{"line":44,"column":20}},"21":{"start":{"line":46,"column":4},"end":{"line":46,"column":41}},"22":{"start":{"line":48,"column":4},"end":{"line":92,"column":6}},"23":{"start":{"line":50,"column":12},"end":{"line":50,"column":28}},"24":{"start":{"line":51,"column":12},"end":{"line":51,"column":19}},"25":{"start":{"line":54,"column":12},"end":{"line":54,"column":28}},"26":{"start":{"line":56,"column":12},"end":{"line":90,"column":15}},"27":{"start":{"line":57,"column":16},"end":{"line":57,"column":75}},"28":{"start":{"line":58,"column":16},"end":{"line":58,"column":82}},"29":{"start":{"line":59,"column":16},"end":{"line":59,"column":76}},"30":{"start":{"line":61,"column":16},"end":{"line":63,"column":17}},"31":{"start":{"line":62,"column":20},"end":{"line":62,"column":76}},"32":{"start":{"line":65,"column":16},"end":{"line":89,"column":19}},"33":{"start":{"line":72,"column":20},"end":{"line":82,"column":21}},"34":{"start":{"line":73,"column":24},"end":{"line":81,"column":25}},"35":{"start":{"line":74,"column":28},"end":{"line":74,"column":90}},"36":{"start":{"line":76,"column":28},"end":{"line":80,"column":29}},"37":{"start":{"line":77,"column":32},"end":{"line":77,"column":297}},"38":{"start":{"line":79,"column":32},"end":{"line":79,"column":259}},"39":{"start":{"line":84,"column":20},"end":{"line":86,"column":21}},"40":{"start":{"line":85,"column":24},"end":{"line":85,"column":46}},"41":{"start":{"line":87,"column":20},"end":{"line":87,"column":36}},"42":{"start":{"line":88,"column":20},"end":{"line":88,"column":27}}},"branchMap":{"1":{"line":28,"type":"binary-expr","locations":[{"start":{"line":28,"column":25},"end":{"line":28,"column":73}},{"start":{"line":28,"column":77},"end":{"line":28,"column":81}}]},"2":{"line":29,"type":"binary-expr","locations":[{"start":{"line":29,"column":18},"end":{"line":29,"column":39}},{"start":{"line":29,"column":43},"end":{"line":29,"column":51}}]},"3":{"line":30,"type":"if","locations":[{"start":{"line":30,"column":4},"end":{"line":30,"column":4}},{"start":{"line":30,"column":4},"end":{"line":30,"column":4}}]},"4":{"line":32,"type":"binary-expr","locations":[{"start":{"line":32,"column":18},"end":{"line":32,"column":51}},{"start":{"line":32,"column":55},"end":{"line":32,"column":63}}]},"5":{"line":40,"type":"if","locations":[{"start":{"line":40,"column":4},"end":{"line":40,"column":4}},{"start":{"line":40,"column":4},"end":{"line":40,"column":4}}]},"6":{"line":61,"type":"if","locations":[{"start":{"line":61,"column":16},"end":{"line":61,"column":16}},{"start":{"line":61,"column":16},"end":{"line":61,"column":16}}]},"7":{"line":72,"type":"if","locations":[{"start":{"line":72,"column":20},"end":{"line":72,"column":20}},{"start":{"line":72,"column":20},"end":{"line":72,"column":20}}]},"8":{"line":73,"type":"if","locations":[{"start":{"line":73,"column":24},"end":{"line":73,"column":24}},{"start":{"line":73,"column":24},"end":{"line":73,"column":24}}]},"9":{"line":76,"type":"if","locations":[{"start":{"line":76,"column":28},"end":{"line":76,"column":28}},{"start":{"line":76,"column":28},"end":{"line":76,"column":28}}]},"10":{"line":84,"type":"if","locations":[{"start":{"line":84,"column":20},"end":{"line":84,"column":20}},{"start":{"line":84,"column":20},"end":{"line":84,"column":20}}]}},"code":["'use strict';","","var _ = require('lodash');","var through = require('through2');","var fs = require('fs');","var path = require('path');","var cssTransform = require('./css-transform');","var CleanCSS = require('clean-css');","","var defaults = {","    autoInject: true,","    autoInjectOptions: {","        'verbose': true,","        'insertAt': 'bottom'","    },","    minify: false,","    inlineImages: false,","    minifyOptions: {","        // Check out a list of CSS minify options at [CleanCSS](https://github.com/jakubpawlowicz/clean-css#how-to-use-clean-css-programmatically).","    },","    rootDir: process.cwd(),","    onFlush: function(options, done) {","        done();","    }","};","","try {","    var pkg = JSON.parse(fs.readFileSync(process.cwd() + '/package.json') || '{}');","    var options = pkg['browserify-css'] || defaults;","    if (typeof options === 'string') {","        var base = path.relative(__dirname, process.cwd());","        options = require(path.join(base, options)) || defaults;","    }","} catch (err) {","    options = defaults;","}","options = _.defaults(options, defaults);","","module.exports = function(filename, opts) {","    if ( ! /\\.css$/i.test(filename)) {","        return through();","    }","","    var buffer = '';","","    options = _.merge({}, options, opts);","","    return through(","        function transform(chunk, enc, next) {","            buffer += chunk;","            next();","        },","        function flush(done) {","            var that = this;","","            cssTransform.call(this, options, filename, function(data) {","                var rootDir = path.resolve(process.cwd(), options.rootDir);","                var relativePath = path.relative(rootDir, path.dirname(filename));","                var href = path.join(relativePath, path.basename(filename));","","                if (options.minify) {","                    data = new CleanCSS(options.minifyOptions).minify(data);","                }","","                options.onFlush({","                    filename: filename,","                    data: data,","                    rootDir: rootDir,","                    relativePath: relativePath,","                    href: href","                }, function(moduleBody) {","                    if (moduleBody === undefined) {","                        if ( ! options.autoInject) {","                            moduleBody = 'module.exports = ' + JSON.stringify(data) + ';';","                        } else {","                            if (options.autoInjectOptions.verbose) {","                                moduleBody = 'var css = ' + JSON.stringify(data) + '; (require(' + JSON.stringify('browserify-css') + ').createStyle(css, { \"href\": ' + JSON.stringify(href) + ' }, { \"insertAt\": ' + JSON.stringify(options.autoInjectOptions.insertAt) + ' })); module.exports = css;';","                            } else {","                                moduleBody = 'var css = ' + JSON.stringify(data) + '; (require(' + JSON.stringify('browserify-css') + ').createStyle(css, {}, { \"insertAt\": ' + JSON.stringify(options.autoInjectOptions.insertAt) + ' })); module.exports = css;';","                            }","                        }","                    }","","                    if (moduleBody) {","                        that.push(moduleBody);","                    }","                    that.push(null);","                    done();","                });","            });","        }","    );","};",""],"l":{"3":1,"4":1,"5":1,"6":1,"7":1,"8":1,"10":1,"23":0,"27":1,"28":1,"29":1,"30":1,"31":0,"32":0,"35":0,"37":1,"39":1,"40":0,"41":0,"44":0,"46":0,"48":0,"50":0,"51":0,"54":0,"56":0,"57":0,"58":0,"59":0,"61":0,"62":0,"65":0,"72":0,"73":0,"74":0,"76":0,"77":0,"79":0,"84":0,"85":0,"87":0,"88":0}},"/home/travis/build/npmtest/node-npmtest-browserify-css/node_modules/browserify-css/css-transform.js":{"path":"/home/travis/build/npmtest/node-npmtest-browserify-css/node_modules/browserify-css/css-transform.js","s":{"1":1,"2":1,"3":1,"4":1,"5":1,"6":1,"7":1,"8":1,"9":1,"10":0,"11":1,"12":0,"13":1,"14":0,"15":1,"16":0,"17":0,"18":0,"19":0,"20":0,"21":0,"22":0,"23":0,"24":0,"25":0,"26":1,"27":0,"28":0,"29":0,"30":0,"31":0,"32":0,"33":0,"34":0,"35":0,"36":0,"37":0,"38":0,"39":0,"40":0,"41":0,"42":0,"43":0,"44":0,"45":0,"46":0,"47":0,"48":0,"49":0,"50":0,"51":0,"52":0,"53":0,"54":0,"55":0,"56":0,"57":0,"58":0,"59":0,"60":0,"61":0,"62":0,"63":0,"64":0,"65":0,"66":0,"67":0,"68":0,"69":0,"70":0,"71":0,"72":0,"73":0,"74":0,"75":0,"76":0,"77":0,"78":0,"79":0,"80":0,"81":0,"82":0,"83":0,"84":0,"85":0,"86":0,"87":0,"88":0,"89":0,"90":0,"91":0,"92":0,"93":0,"94":0,"95":0,"96":0,"97":0,"98":0,"99":0,"100":0,"101":0,"102":0,"103":0,"104":0,"105":0,"106":0,"107":0,"108":0,"109":0,"110":0,"111":0,"112":0,"113":0,"114":0,"115":0,"116":0,"117":0,"118":0,"119":0,"120":0,"121":0,"122":0,"123":0,"124":0,"125":0,"126":0,"127":0,"128":0,"129":0,"130":0,"131":1,"132":1,"133":0,"134":0,"135":0,"136":0,"137":0,"138":0,"139":0,"140":0,"141":0,"142":0},"b":{"1":[0,0],"2":[0,0],"3":[0,0],"4":[0,0],"5":[0,0],"6":[0,0],"7":[0,0],"8":[0,0,0,0],"9":[0,0],"10":[0,0,0],"11":[0,0],"12":[0,0],"13":[0,0],"14":[0,0,0],"15":[0,0,0,0],"16":[0,0],"17":[0,0,0],"18":[0,0],"19":[0,0],"20":[0,0],"21":[0,0,0],"22":[0,0],"23":[0,0],"24":[0,0],"25":[0,0],"26":[0,0],"27":[0,0],"28":[0,0],"29":[0,0,0,0,0],"30":[0,0],"31":[0,0],"32":[0,0],"33":[0,0],"34":[0,0],"35":[0,0],"36":[0,0],"37":[0,0],"38":[0,0]},"f":{"1":0,"2":0,"3":0,"4":0,"5":0,"6":0,"7":0,"8":0,"9":0,"10":0,"11":0,"12":0,"13":0,"14":0,"15":0,"16":0,"17":0,"18":0,"19":0},"fnMap":{"1":{"name":"(anonymous_1)","line":12,"loc":{"start":{"line":12,"column":20},"end":{"line":12,"column":35}}},"2":{"name":"(anonymous_2)","line":16,"loc":{"start":{"line":16,"column":21},"end":{"line":16,"column":36}}},"3":{"name":"(anonymous_3)","line":20,"loc":{"start":{"line":20,"column":23},"end":{"line":20,"column":38}}},"4":{"name":"(anonymous_4)","line":26,"loc":{"start":{"line":26,"column":34},"end":{"line":26,"column":64}}},"5":{"name":"(anonymous_5)","line":41,"loc":{"start":{"line":41,"column":20},"end":{"line":41,"column":34}}},"6":{"name":"(anonymous_6)","line":51,"loc":{"start":{"line":51,"column":19},"end":{"line":51,"column":57}}},"7":{"name":"(anonymous_7)","line":54,"loc":{"start":{"line":54,"column":51},"end":{"line":54,"column":66}}},"8":{"name":"(anonymous_8)","line":55,"loc":{"start":{"line":55,"column":44},"end":{"line":55,"column":66}}},"9":{"name":"(anonymous_9)","line":78,"loc":{"start":{"line":78,"column":29},"end":{"line":78,"column":51}}},"10":{"name":"(anonymous_10)","line":85,"loc":{"start":{"line":85,"column":23},"end":{"line":85,"column":42}}},"11":{"name":"(anonymous_11)","line":87,"loc":{"start":{"line":87,"column":21},"end":{"line":87,"column":38}}},"12":{"name":"(anonymous_12)","line":120,"loc":{"start":{"line":120,"column":21},"end":{"line":120,"column":38}}},"13":{"name":"(anonymous_13)","line":128,"loc":{"start":{"line":128,"column":29},"end":{"line":128,"column":58}}},"14":{"name":"(anonymous_14)","line":179,"loc":{"start":{"line":179,"column":26},"end":{"line":179,"column":42}}},"15":{"name":"(anonymous_15)","line":181,"loc":{"start":{"line":181,"column":42},"end":{"line":181,"column":64}}},"16":{"name":"(anonymous_16)","line":187,"loc":{"start":{"line":187,"column":42},"end":{"line":187,"column":64}}},"17":{"name":"(anonymous_17)","line":200,"loc":{"start":{"line":200,"column":22},"end":{"line":200,"column":37}}},"18":{"name":"(anonymous_18)","line":278,"loc":{"start":{"line":278,"column":17},"end":{"line":278,"column":55}}},"19":{"name":"noop","line":286,"loc":{"start":{"line":286,"column":19},"end":{"line":286,"column":35}}}},"statementMap":{"1":{"start":{"line":3,"column":0},"end":{"line":3,"column":25}},"2":{"start":{"line":4,"column":0},"end":{"line":4,"column":25}},"3":{"start":{"line":5,"column":0},"end":{"line":5,"column":26}},"4":{"start":{"line":6,"column":0},"end":{"line":6,"column":23}},"5":{"start":{"line":7,"column":0},"end":{"line":7,"column":27}},"6":{"start":{"line":8,"column":0},"end":{"line":8,"column":38}},"7":{"start":{"line":9,"column":0},"end":{"line":9,"column":51}},"8":{"start":{"line":10,"column":0},"end":{"line":10,"column":27}},"9":{"start":{"line":12,"column":0},"end":{"line":14,"column":2}},"10":{"start":{"line":13,"column":4},"end":{"line":13,"column":39}},"11":{"start":{"line":16,"column":0},"end":{"line":18,"column":2}},"12":{"start":{"line":17,"column":4},"end":{"line":17,"column":31}},"13":{"start":{"line":20,"column":0},"end":{"line":22,"column":2}},"14":{"start":{"line":21,"column":4},"end":{"line":21,"column":38}},"15":{"start":{"line":26,"column":0},"end":{"line":49,"column":2}},"16":{"start":{"line":27,"column":4},"end":{"line":27,"column":38}},"17":{"start":{"line":28,"column":4},"end":{"line":28,"column":50}},"18":{"start":{"line":30,"column":4},"end":{"line":33,"column":5}},"19":{"start":{"line":32,"column":8},"end":{"line":32,"column":45}},"20":{"start":{"line":36,"column":4},"end":{"line":39,"column":7}},"21":{"start":{"line":41,"column":4},"end":{"line":46,"column":7}},"22":{"start":{"line":42,"column":8},"end":{"line":45,"column":9}},"23":{"start":{"line":43,"column":12},"end":{"line":43,"column":50}},"24":{"start":{"line":44,"column":12},"end":{"line":44,"column":25}},"25":{"start":{"line":48,"column":4},"end":{"line":48,"column":20}},"26":{"start":{"line":51,"column":0},"end":{"line":270,"column":2}},"27":{"start":{"line":52,"column":4},"end":{"line":52,"column":20}},"28":{"start":{"line":53,"column":4},"end":{"line":53,"column":26}},"29":{"start":{"line":54,"column":4},"end":{"line":60,"column":7}},"30":{"start":{"line":55,"column":8},"end":{"line":57,"column":15}},"31":{"start":{"line":56,"column":12},"end":{"line":56,"column":60}},"32":{"start":{"line":58,"column":8},"end":{"line":58,"column":31}},"33":{"start":{"line":59,"column":8},"end":{"line":59,"column":25}},"34":{"start":{"line":64,"column":4},"end":{"line":70,"column":5}},"35":{"start":{"line":65,"column":8},"end":{"line":69,"column":10}},"36":{"start":{"line":72,"column":4},"end":{"line":72,"column":40}},"37":{"start":{"line":73,"column":4},"end":{"line":73,"column":44}},"38":{"start":{"line":74,"column":4},"end":{"line":74,"column":40}},"39":{"start":{"line":75,"column":4},"end":{"line":77,"column":5}},"40":{"start":{"line":76,"column":8},"end":{"line":76,"column":52}},"41":{"start":{"line":78,"column":4},"end":{"line":80,"column":6}},"42":{"start":{"line":79,"column":8},"end":{"line":79,"column":27}},"43":{"start":{"line":81,"column":4},"end":{"line":83,"column":5}},"44":{"start":{"line":82,"column":8},"end":{"line":82,"column":56}},"45":{"start":{"line":85,"column":4},"end":{"line":265,"column":6}},"46":{"start":{"line":87,"column":8},"end":{"line":118,"column":10}},"47":{"start":{"line":88,"column":12},"end":{"line":88,"column":44}},"48":{"start":{"line":89,"column":12},"end":{"line":89,"column":56}},"49":{"start":{"line":90,"column":12},"end":{"line":90,"column":87}},"50":{"start":{"line":91,"column":12},"end":{"line":91,"column":18}},"51":{"start":{"line":92,"column":12},"end":{"line":115,"column":13}},"52":{"start":{"line":93,"column":16},"end":{"line":96,"column":29}},"53":{"start":{"line":97,"column":16},"end":{"line":97,"column":64}},"54":{"start":{"line":98,"column":16},"end":{"line":98,"column":33}},"55":{"start":{"line":100,"column":16},"end":{"line":112,"column":17}},"56":{"start":{"line":102,"column":20},"end":{"line":102,"column":64}},"57":{"start":{"line":104,"column":20},"end":{"line":104,"column":57}},"58":{"start":{"line":105,"column":20},"end":{"line":106,"column":56}},"59":{"start":{"line":108,"column":20},"end":{"line":108,"column":73}},"60":{"start":{"line":109,"column":20},"end":{"line":109,"column":56}},"61":{"start":{"line":111,"column":20},"end":{"line":111,"column":154}},"62":{"start":{"line":114,"column":16},"end":{"line":114,"column":87}},"63":{"start":{"line":117,"column":12},"end":{"line":117,"column":26}},"64":{"start":{"line":120,"column":8},"end":{"line":177,"column":10}},"65":{"start":{"line":128,"column":12},"end":{"line":135,"column":14}},"66":{"start":{"line":130,"column":16},"end":{"line":130,"column":34}},"67":{"start":{"line":131,"column":16},"end":{"line":131,"column":32}},"68":{"start":{"line":132,"column":16},"end":{"line":132,"column":34}},"69":{"start":{"line":133,"column":16},"end":{"line":133,"column":52}},"70":{"start":{"line":134,"column":16},"end":{"line":134,"column":27}},"71":{"start":{"line":137,"column":12},"end":{"line":137,"column":44}},"72":{"start":{"line":138,"column":12},"end":{"line":138,"column":56}},"73":{"start":{"line":139,"column":12},"end":{"line":139,"column":87}},"74":{"start":{"line":140,"column":12},"end":{"line":140,"column":18}},"75":{"start":{"line":141,"column":12},"end":{"line":174,"column":13}},"76":{"start":{"line":142,"column":16},"end":{"line":145,"column":29}},"77":{"start":{"line":146,"column":16},"end":{"line":146,"column":64}},"78":{"start":{"line":147,"column":16},"end":{"line":147,"column":33}},"79":{"start":{"line":149,"column":16},"end":{"line":171,"column":17}},"80":{"start":{"line":151,"column":20},"end":{"line":151,"column":64}},"81":{"start":{"line":153,"column":20},"end":{"line":153,"column":57}},"82":{"start":{"line":154,"column":20},"end":{"line":154,"column":68}},"83":{"start":{"line":157,"column":20},"end":{"line":157,"column":63}},"84":{"start":{"line":158,"column":20},"end":{"line":170,"column":21}},"85":{"start":{"line":160,"column":24},"end":{"line":165,"column":25}},"86":{"start":{"line":161,"column":28},"end":{"line":161,"column":67}},"87":{"start":{"line":162,"column":28},"end":{"line":164,"column":29}},"88":{"start":{"line":163,"column":32},"end":{"line":163,"column":41}},"89":{"start":{"line":166,"column":24},"end":{"line":166,"column":68}},"90":{"start":{"line":167,"column":24},"end":{"line":167,"column":60}},"91":{"start":{"line":169,"column":24},"end":{"line":169,"column":158}},"92":{"start":{"line":173,"column":16},"end":{"line":173,"column":87}},"93":{"start":{"line":176,"column":12},"end":{"line":176,"column":26}},"94":{"start":{"line":179,"column":8},"end":{"line":191,"column":10}},"95":{"start":{"line":180,"column":12},"end":{"line":184,"column":13}},"96":{"start":{"line":181,"column":16},"end":{"line":183,"column":19}},"97":{"start":{"line":182,"column":20},"end":{"line":182,"column":66}},"98":{"start":{"line":186,"column":12},"end":{"line":190,"column":13}},"99":{"start":{"line":187,"column":16},"end":{"line":189,"column":19}},"100":{"start":{"line":188,"column":20},"end":{"line":188,"column":66}},"101":{"start":{"line":193,"column":8},"end":{"line":193,"column":53}},"102":{"start":{"line":194,"column":8},"end":{"line":196,"column":9}},"103":{"start":{"line":195,"column":12},"end":{"line":195,"column":19}},"104":{"start":{"line":198,"column":8},"end":{"line":198,"column":53}},"105":{"start":{"line":200,"column":8},"end":{"line":264,"column":11}},"106":{"start":{"line":201,"column":12},"end":{"line":263,"column":13}},"107":{"start":{"line":211,"column":16},"end":{"line":211,"column":109}},"108":{"start":{"line":212,"column":16},"end":{"line":212,"column":62}},"109":{"start":{"line":216,"column":16},"end":{"line":220,"column":36}},"110":{"start":{"line":222,"column":16},"end":{"line":222,"column":34}},"111":{"start":{"line":224,"column":16},"end":{"line":227,"column":17}},"112":{"start":{"line":225,"column":20},"end":{"line":225,"column":43}},"113":{"start":{"line":226,"column":20},"end":{"line":226,"column":27}},"114":{"start":{"line":229,"column":16},"end":{"line":229,"column":53}},"115":{"start":{"line":230,"column":16},"end":{"line":230,"column":29}},"116":{"start":{"line":234,"column":16},"end":{"line":240,"column":17}},"117":{"start":{"line":235,"column":20},"end":{"line":235,"column":73}},"118":{"start":{"line":236,"column":23},"end":{"line":240,"column":17}},"119":{"start":{"line":237,"column":20},"end":{"line":237,"column":58}},"120":{"start":{"line":239,"column":20},"end":{"line":239,"column":55}},"121":{"start":{"line":242,"column":16},"end":{"line":244,"column":17}},"122":{"start":{"line":243,"column":20},"end":{"line":243,"column":48}},"123":{"start":{"line":246,"column":16},"end":{"line":246,"column":39}},"124":{"start":{"line":249,"column":16},"end":{"line":255,"column":17}},"125":{"start":{"line":251,"column":20},"end":{"line":251,"column":52}},"126":{"start":{"line":254,"column":20},"end":{"line":254,"column":38}},"127":{"start":{"line":257,"column":16},"end":{"line":261,"column":19}},"128":{"start":{"line":262,"column":16},"end":{"line":262,"column":48}},"129":{"start":{"line":267,"column":4},"end":{"line":267,"column":27}},"130":{"start":{"line":269,"column":4},"end":{"line":269,"column":20}},"131":{"start":{"line":272,"column":0},"end":{"line":276,"column":2}},"132":{"start":{"line":278,"column":0},"end":{"line":296,"column":2}},"133":{"start":{"line":279,"column":4},"end":{"line":283,"column":5}},"134":{"start":{"line":280,"column":8},"end":{"line":280,"column":28}},"135":{"start":{"line":281,"column":8},"end":{"line":281,"column":27}},"136":{"start":{"line":282,"column":8},"end":{"line":282,"column":21}},"137":{"start":{"line":285,"column":4},"end":{"line":287,"column":5}},"138":{"start":{"line":286,"column":8},"end":{"line":286,"column":38}},"139":{"start":{"line":289,"column":4},"end":{"line":289,"column":50}},"140":{"start":{"line":291,"column":4},"end":{"line":295,"column":5}},"141":{"start":{"line":292,"column":8},"end":{"line":292,"column":61}},"142":{"start":{"line":294,"column":8},"end":{"line":294,"column":32}}},"branchMap":{"1":{"line":30,"type":"if","locations":[{"start":{"line":30,"column":4},"end":{"line":30,"column":4}},{"start":{"line":30,"column":4},"end":{"line":30,"column":4}}]},"2":{"line":42,"type":"if","locations":[{"start":{"line":42,"column":8},"end":{"line":42,"column":8}},{"start":{"line":42,"column":8},"end":{"line":42,"column":8}}]},"3":{"line":64,"type":"if","locations":[{"start":{"line":64,"column":4},"end":{"line":64,"column":4}},{"start":{"line":64,"column":4},"end":{"line":64,"column":4}}]},"4":{"line":64,"type":"binary-expr","locations":[{"start":{"line":64,"column":7},"end":{"line":64,"column":27}},{"start":{"line":64,"column":31},"end":{"line":64,"column":71}}]},"5":{"line":74,"type":"binary-expr","locations":[{"start":{"line":74,"column":18},"end":{"line":74,"column":33}},{"start":{"line":74,"column":37},"end":{"line":74,"column":39}}]},"6":{"line":75,"type":"if","locations":[{"start":{"line":75,"column":4},"end":{"line":75,"column":4}},{"start":{"line":75,"column":4},"end":{"line":75,"column":4}}]},"7":{"line":81,"type":"if","locations":[{"start":{"line":81,"column":4},"end":{"line":81,"column":4}},{"start":{"line":81,"column":4},"end":{"line":81,"column":4}}]},"8":{"line":93,"type":"binary-expr","locations":[{"start":{"line":93,"column":26},"end":{"line":93,"column":30}},{"start":{"line":94,"column":26},"end":{"line":94,"column":30}},{"start":{"line":95,"column":26},"end":{"line":95,"column":30}},{"start":{"line":96,"column":26},"end":{"line":96,"column":28}}]},"9":{"line":97,"type":"cond-expr","locations":[{"start":{"line":97,"column":58},"end":{"line":97,"column":59}},{"start":{"line":97,"column":62},"end":{"line":97,"column":63}}]},"10":{"line":97,"type":"binary-expr","locations":[{"start":{"line":97,"column":33},"end":{"line":97,"column":37}},{"start":{"line":97,"column":41},"end":{"line":97,"column":45}},{"start":{"line":97,"column":50},"end":{"line":97,"column":54}}]},"11":{"line":100,"type":"if","locations":[{"start":{"line":100,"column":16},"end":{"line":100,"column":16}},{"start":{"line":100,"column":16},"end":{"line":100,"column":16}}]},"12":{"line":100,"type":"binary-expr","locations":[{"start":{"line":100,"column":21},"end":{"line":100,"column":45}},{"start":{"line":100,"column":49},"end":{"line":100,"column":75}}]},"13":{"line":102,"type":"cond-expr","locations":[{"start":{"line":102,"column":58},"end":{"line":102,"column":59}},{"start":{"line":102,"column":62},"end":{"line":102,"column":63}}]},"14":{"line":102,"type":"binary-expr","locations":[{"start":{"line":102,"column":33},"end":{"line":102,"column":37}},{"start":{"line":102,"column":41},"end":{"line":102,"column":45}},{"start":{"line":102,"column":50},"end":{"line":102,"column":54}}]},"15":{"line":142,"type":"binary-expr","locations":[{"start":{"line":142,"column":26},"end":{"line":142,"column":30}},{"start":{"line":143,"column":26},"end":{"line":143,"column":30}},{"start":{"line":144,"column":26},"end":{"line":144,"column":30}},{"start":{"line":145,"column":26},"end":{"line":145,"column":28}}]},"16":{"line":146,"type":"cond-expr","locations":[{"start":{"line":146,"column":58},"end":{"line":146,"column":59}},{"start":{"line":146,"column":62},"end":{"line":146,"column":63}}]},"17":{"line":146,"type":"binary-expr","locations":[{"start":{"line":146,"column":33},"end":{"line":146,"column":37}},{"start":{"line":146,"column":41},"end":{"line":146,"column":45}},{"start":{"line":146,"column":50},"end":{"line":146,"column":54}}]},"18":{"line":149,"type":"if","locations":[{"start":{"line":149,"column":16},"end":{"line":149,"column":16}},{"start":{"line":149,"column":16},"end":{"line":149,"column":16}}]},"19":{"line":149,"type":"binary-expr","locations":[{"start":{"line":149,"column":21},"end":{"line":149,"column":45}},{"start":{"line":149,"column":49},"end":{"line":149,"column":75}}]},"20":{"line":151,"type":"cond-expr","locations":[{"start":{"line":151,"column":58},"end":{"line":151,"column":59}},{"start":{"line":151,"column":62},"end":{"line":151,"column":63}}]},"21":{"line":151,"type":"binary-expr","locations":[{"start":{"line":151,"column":33},"end":{"line":151,"column":37}},{"start":{"line":151,"column":41},"end":{"line":151,"column":45}},{"start":{"line":151,"column":50},"end":{"line":151,"column":54}}]},"22":{"line":158,"type":"if","locations":[{"start":{"line":158,"column":20},"end":{"line":158,"column":20}},{"start":{"line":158,"column":20},"end":{"line":158,"column":20}}]},"23":{"line":160,"type":"if","locations":[{"start":{"line":160,"column":24},"end":{"line":160,"column":24}},{"start":{"line":160,"column":24},"end":{"line":160,"column":24}}]},"24":{"line":162,"type":"if","locations":[{"start":{"line":162,"column":28},"end":{"line":162,"column":28}},{"start":{"line":162,"column":28},"end":{"line":162,"column":28}}]},"25":{"line":180,"type":"if","locations":[{"start":{"line":180,"column":12},"end":{"line":180,"column":12}},{"start":{"line":180,"column":12},"end":{"line":180,"column":12}}]},"26":{"line":186,"type":"if","locations":[{"start":{"line":186,"column":12},"end":{"line":186,"column":12}},{"start":{"line":186,"column":12},"end":{"line":186,"column":12}}]},"27":{"line":194,"type":"if","locations":[{"start":{"line":194,"column":8},"end":{"line":194,"column":8}},{"start":{"line":194,"column":8},"end":{"line":194,"column":8}}]},"28":{"line":201,"type":"if","locations":[{"start":{"line":201,"column":12},"end":{"line":201,"column":12}},{"start":{"line":201,"column":12},"end":{"line":201,"column":12}}]},"29":{"line":216,"type":"binary-expr","locations":[{"start":{"line":216,"column":26},"end":{"line":216,"column":35}},{"start":{"line":217,"column":26},"end":{"line":217,"column":35}},{"start":{"line":218,"column":26},"end":{"line":218,"column":35}},{"start":{"line":219,"column":26},"end":{"line":219,"column":35}},{"start":{"line":220,"column":26},"end":{"line":220,"column":35}}]},"30":{"line":224,"type":"if","locations":[{"start":{"line":224,"column":16},"end":{"line":224,"column":16}},{"start":{"line":224,"column":16},"end":{"line":224,"column":16}}]},"31":{"line":234,"type":"if","locations":[{"start":{"line":234,"column":16},"end":{"line":234,"column":16}},{"start":{"line":234,"column":16},"end":{"line":234,"column":16}}]},"32":{"line":236,"type":"if","locations":[{"start":{"line":236,"column":23},"end":{"line":236,"column":23}},{"start":{"line":236,"column":23},"end":{"line":236,"column":23}}]},"33":{"line":242,"type":"if","locations":[{"start":{"line":242,"column":16},"end":{"line":242,"column":16}},{"start":{"line":242,"column":16},"end":{"line":242,"column":16}}]},"34":{"line":242,"type":"binary-expr","locations":[{"start":{"line":242,"column":20},"end":{"line":242,"column":24}},{"start":{"line":242,"column":28},"end":{"line":242,"column":59}}]},"35":{"line":249,"type":"if","locations":[{"start":{"line":249,"column":16},"end":{"line":249,"column":16}},{"start":{"line":249,"column":16},"end":{"line":249,"column":16}}]},"36":{"line":279,"type":"if","locations":[{"start":{"line":279,"column":4},"end":{"line":279,"column":4}},{"start":{"line":279,"column":4},"end":{"line":279,"column":4}}]},"37":{"line":285,"type":"if","lo
[...]
tes","    createLink: function(href, attributes) {","        var head = document.head || document.getElementsByTagName('head')[0];","        var link = document.createElement('link');","","        link.href = href;","        link.rel = 'stylesheet';","","        for (var key in attributes) {","            if ( ! attributes.hasOwnProperty(key)) {","                continue;","            }","            var value = attributes[key];","            link.setAttribute('data-' + key, value);","        }","","        head.appendChild(link);","    },","    // Create a <style> tag with optional data attributes","    createStyle: function(cssText, attributes, extraOptions) {","        extraOptions = extraOptions || {};","","        var style = document.createElement('style');","        style.type = 'text/css';","","        for (var key in attributes) {","            if ( ! attributes.hasOwnProperty(key)) {","                continue;","            }","            var value = attributes[key];","            style.setAttribute('data-' + key, value);","        }","","        if (style.sheet) { // for jsdom and IE9+","            style.innerHTML = cssText;","            style.sheet.cssText = cssText;","            insertStyleElement(style, { insertAt: extraOptions.insertAt });","        } else if (style.styleSheet) { // for IE8 and below","            insertStyleElement(style, { insertAt: extraOptions.insertAt });","            style.styleSheet.cssText = cssText;","        } else { // for Chrome, Firefox, and Safari","            style.appendChild(document.createTextNode(cssText));","            insertStyleElement(style, { insertAt: extraOptions.insertAt });","        }","    }","};",""],"l":{"4":1,"6":1,"7":0,"8":0,"10":0,"11":0,"13":0,"14":0,"15":0,"16":0,"17":0,"19":0,"21":0,"22":0,"23":0,"25":0,"29":1,"32":0,"33":0,"35":0,"36":0,"38":0,"39":0,"40":0,"42":0,"43":0,"46":0,"50":0,"52":0,"53":0,"55":0,"56":0,"57":0,"59":0,"60":0,"63":0,"64":0,"65":0,"66":0,"67":0,"68":0,"69":0,"71":0,"72":0}},"/home/travis/build/npmtest/node-npmtest-browserify-css/node_modules/browserify-css/config/jshint.js":{"path":"/home/travis/build/npmtest/node-npmtest-browserify-css/node_modules/browserify-css/config/jshint.js","s":{"1":1},"b":{},"f":{},"fnMap":{},"statementMap":{"1":{"start":{"line":1,"column":0},"end":{"line":116,"column":2}}},"branchMap":{},"code":["module.exports = {","    /**","     * Enforcing options","     * When set to true, these options will make JSHint produce more warnings about your code.","     */","","    // This option prohibits the use of bitwise operators such as ^ (XOR), | (OR) and others.","    // Bitwise operators are very rare in JavaScript programs and quite often & is simply a mistyped &&.","    bitwise: true,","    // This option allows you to force all variable names to use either camelCase style or UPPER_CASE with underscores.","    camelcase: true,","    // This option requires you to always put curly braces around blocks in loops and conditionals. ","    curly: true,","    // This options prohibits the use of == and != in favor of === and !==. ","    eqeqeq: true,","    // This option tells JSHint that your code needs to adhere to ECMAScript 3 specification. ","    es3: true,","    // This option requires all for in loops to filter object's items. ","    forin: true,","    // This option prohibits the use of immediate function invocations without wrapping them in parentheses.","    immed: true,","    // This option enforces specific tab width for your code. For example, the following code will trigger a warning on line 4:","    indent: 4,","    // This option prohibits the use of a variable before it was defined.","    latedef: true,","    // This option requires you to capitalize names of constructor functions. ","    newcap: true,","    // This option prohibits the use of arguments.caller and arguments.callee. ","    noarg: true,","    // This option warns when you have an empty block in your code. ","    noempty: true,","    // This option prohibits the use of constructor functions for side-effects.","    nonew: true,","    // This option prohibits the use of unary increment and decrement operators.","    plusplus: true,","    // This option enforces the consistency of quotation marks used throughout your code.","    quotmark: true,","    // This option prohibits the use of explicitly undeclared variables. ","    undef: true,","    // This option warns when you define and never use your variables. ","    unused: true,","    // This option requires all functions to run in ECMAScript 5's strict mode. ","    strict: true,","    // This option makes it an error to leave a trailing whitespace in your code. ","    trailing: true,","","    /**","     * Relaxing options","     * When set to true, these options will make JSHint produce less warnings about your code.","     */","","    // This option suppresses warnings about missing semicolons.","    asi: false,","    // This option suppresses warnings about the use of assignments in cases where comparisons are expected. ","    boss: false,","    // This option suppresses warnings about the debugger statements in your code.","    debug: false,","    // This option suppresses warnings about == null comparisons. ","    eqnull: false,","    // This option tells JSHint that your code uses ECMAScript 6 specific syntax.","    esnext: false,","    // This option suppresses warnings about the use of eval.","    evil: false,","    // This option suppresses warnings about the use of expressions where normally you would expect to see assignments or function calls. ","    expr: false,","    // This option suppresses warnings about declaring variables inside of control structures while accessing them later from the outside. ","    funcscope: false,","    // This option suppresses warnings about the use of global strict mode. ","    globalstrict: true,","    // This option suppresses warnings about the __iterator__ property. ","    iterator: false,","    // This option suppresses warnings about missing semicolons, but only when the semicolon is omitted for the last statement in a one-line block.","    lastsemic: false,","    // This option suppresses most of the warnings about possibly unsafe line breakings in your code.","    laxbreak: false,","    // This option suppresses warnings about comma-first coding style.","    laxcomma: false,","    // This option suppresses warnings about functions inside of loops.","    loopfunc: false,","    // This options tells JSHint that your code uses Mozilla JavaScript extensions.","    moz: false,","    // This option suppresses warnings about multi-line strings.","    multistr: false,","    // This option suppresses warnings about the __proto__ property.","    proto: false,","    // This option suppresses warnings about the use of script-targeted URLs—such as javascript:....","    scripturl: false,","    // This option suppresses warnings about mixed tabs and spaces when the latter are used for alignmnent only.","    smarttabs: false,","    // This option suppresses warnings about variable shadowing i.e. declaring a variable that had been already declared somewhere in the outer scope.","    shadow: false,","    // This option suppresses warnings about using [] notation when it can be expressed in dot notation","    sub: true,","    // This option suppresses warnings about \"weird\" constructions like new function () { ... } and new Object;. ","    supernew: false,","    // This option suppresses warnings about possible strict violations when the code is running in strict mode and you use this in a non-constructor function. ","    validthis: false,","","","    /**","     * Environments","     * These options let JSHint know about some pre-defined global variables.","     */","    browser: true,","","    globals: {","        __dirname: true,","        process: true,","        exports: true,","        module: true,","        console: true,","        define: true,","        require: true,","        JSON: true","    }","};",""],"l":{"1":1}},"/home/travis/build/npmtest/node-npmtest-browserify-css/node_modules/browserify-css/gulp/config.js":{"path":"/home/travis/build/npmtest/node-npmtest-browserify-css/node_modules/browserify-css/gulp/config.js","s":{"1":2,"2":2,"3":0,"4":0,"5":0,"6":0,"7":0,"8":0,"9":0,"10":0,"11":0,"12":0,"13":0,"14":0,"15":0,"16":0,"17":0,"18":0,"19":0,"20":0},"b":{"1":[0,0]},"f":{"1":0,"2":0},"fnMap":{"1":{"name":"(anonymous_1)","line":48,"loc":{"start":{"line":48,"column":42},"end":{"line":48,"column":64}}},"2":{"name":"(anonymous_2)","line":49,"loc":{"start":{"line":49,"column":62},"end":{"line":49,"column":76}}}},"statementMap":{"1":{"start":{"line":1,"column":0},"end":{"line":1,"column":26}},"2":{"start":{"line":2,"column":0},"end":{"line":2,"column":30}},"3":{"start":{"line":3,"column":0},"end":{"line":3,"column":27}},"4":{"start":{"line":4,"column":0},"end":{"line":4,"column":33}},"5":{"start":{"line":5,"column":0},"end":{"line":12,"column":19}},"6":{"start":{"line":14,"column":0},"end":{"line":78,"column":2}},"7":{"start":{"line":49,"column":24},"end":{"line":51,"column":26}},"8":{"start":{"line":50,"column":28},"end":{"line":50,"column":67}},"9":{"start":{"line":52,"column":24},"end":{"line":52,"column":89}},"10":{"start":{"line":53,"column":24},"end":{"line":53,"column":88}},"11":{"start":{"line":54,"column":24},"end":{"line":54,"column":92}},"12":{"start":{"line":59,"column":24},"end":{"line":59,"column":56}},"13":{"start":{"line":60,"column":24},"end":{"line":70,"column":25}},"14":{"start":{"line":61,"column":28},"end":{"line":61,"column":91}},"15":{"start":{"line":62,"column":28},"end":{"line":62,"column":74}},"16":{"start":{"line":63,"column":28},"end":{"line":63,"column":68}},"17":{"start":{"line":65,"column":28},"end":{"line":65,"column":119}},"18":{"start":{"line":66,"column":28},"end":{"line":66,"column":57}},"19":{"start":{"line":69,"column":28},"end":{"line":69,"column":63}},"20":{"start":{"line":72,"column":24},"end":{"line":72,"column":43}}},"branchMap":{"1":{"line":60,"type":"if","locations":[{"start":{"line":60,"column":24},"end":{"line":60,"column":24}},{"start":{"line":60,"column":24},"end":{"line":60,"column":24}}]}},"code":["var _ = require('lodash');","var fse = require('fs-extra');","var path = require('path');","var gutil = require('gulp-util');","var banner = [","    '/**',","    ' * <%= pkg.name %> - <%= pkg.description %>',","    ' * <%= pkg.author %>',","    ' * Version <%= pkg.version %>',","    ' * <%= pkg.license %> Licensed',","    ' */',","    ''].join('\\n');","","module.exports = {","    banner: banner,","    clean: {","        examples: [","            'examples/submodules/bundle.js'","        ]","    },","    jshint: {","        src: [","            '*.js',","            '*.json',","            'examples/**/*.js',","            '!examples/**/bundle.js',","            '!**/node_modules/**'","        ],","        options: require('../config/jshint')","    },","    bundles: {","        submodules: {","            src: './examples/submodules/index.js',","            dest: './examples/submodules/',","            options: {","                debug: true","            },","            transform: {","                'browserify-css': {","                    'autoInject': true,","                    'autoInjectOptions': {","                        'verbose': true,","                        'insertAt': 'bottom'","                    },","                    'rootDir': 'examples/submodules',","                    'rebaseUrls': true,","                    'minify': true,","                    'processRelativeUrl': function(relativeUrl) {","                        var stripQueryStringAndHashFromPath = function(url) {","                            return url.split('?')[0].split('#')[0];","                        };","                        var rootDir = path.resolve(process.cwd(), 'examples/submodules');","                        var relativePath = stripQueryStringAndHashFromPath(relativeUrl);","                        var queryStringAndHash = relativeUrl.substring(relativePath.length);","","                        //","                        // Copying files from '../node_modules/bootstrap/' to 'vendor/bootstrap/'","                        //","                        var prefix = '../node_modules/';","                        if (_.startsWith(relativePath, prefix)) {","                            var newUrl = 'vendor/' + relativePath.substring(prefix.length);","                            var source = path.join(rootDir, relativePath);","                            var target = path.join(rootDir, newUrl);","","                            gutil.log('Copying file from ' + JSON.stringify(source) + ' to ' + JSON.stringify(target));","                            fse.copySync(source, target);","","                            // Returns a new url with original query string and hash fragments","                            return newUrl + queryStringAndHash;","                        }","","                        return relativeUrl;","                    }","                }","            }","        }","    }","};",""],"l":{"1":2,"2":2,"3":0,"4":0,"5":0,"14":0,"49":0,"50":0,"52":0,"53":0,"54":0,"59":0,"60":0,"61":0,"62":0,"63":0,"65":0,"66":0,"69":0,"72":0}},"/home/travis/build/npmtest/node-npmtest-browserify-css/node_modules/browserify-css/gulp/error-handler.js":{"path":"/home/travis/build/npmtest/node-npmtest-browserify-css/node_modules/browserify-css/gulp/error-handler.js","s":{"1":2,"2":0,"3":0,"4":0,"5":0,"6":0,"7":0,"8":0,"9":0,"10":0,"11":0,"12":0,"13":0,"14":0,"15":0,"16":0,"17":0,"18":0,"19":0,"20":0,"21":0,"22":0,"23":0,"24":0},"b":{"1":[0,0],"2":[0,0]},"f":{"1":0,"2":0,"3":0,"4":0},"fnMap":{"1":{"name":"(anonymous_1)","line":38,"loc":{"start":{"line":38,"column":14},"end":{"line":38,"column":30}}},"2":{"name":"(anonymous_2)","line":48,"loc":{"start":{"line":48,"column":18},"end":{"line":48,"column":41}}},"3":{"name":"(anonymous_3)","line":65,"loc":{"start":{"line":65,"column":11},"end":{"line":65,"column":27}}},"4":{"name":"(anonymous_4)","line":70,"loc":{"start":{"line":70,"column":13},"end":{"line":70,"column":29}}}},"statementMap":{"1":{"start":{"line":7,"column":0},"end":{"line":7,"column":33}},"2":{"start":{"line":11,"column":0},"end":{"line":11,"column":45}},"3":{"start":{"line":13,"column":0},"end":{"line":16,"column":2}},"4":{"start":{"line":18,"column":0},"end":{"line":21,"column":2}},"5":{"start":{"line":23,"column":0},"end":{"line":34,"column":2}},"6":{"start":{"line":38,"column":0},"end":{"line":44,"column":2}},"7":{"start":{"line":39,"column":4},"end":{"line":42,"column":6}},"8":{"start":{"line":43,"column":4},"end":{"line":43,"column":86}},"9":{"start":{"line":48,"column":0},"end":{"line":61,"column":2}},"10":{"start":{"line":49,"column":4},"end":{"line":49,"column":37}},"11":{"start":{"line":50,"column":4},"end":{"line":50,"column":36}},"12":{"start":{"line":51,"column":4},"end":{"line":51,"column":97}},"13":{"start":{"line":52,"column":4},"end":{"line":52,"column":70}},"14":{"start":{"line":54,"column":4},"end":{"line":54,"column":17}},"15":{"start":{"line":55,"column":4},"end":{"line":55,"column":19}},"16":{"start":{"line":56,"column":4},"end":{"line":56,"column":34}},"17":{"start":{"line":57,"column":4},"end":{"line":57,"column":36}},"18":{"start":{"line":58,"column":4},"end":{"line":60,"column":5}},"19":{"start":{"line":59,"column":8},"end":{"line":59,"column":24}},"20":{"start":{"line":63,"column":0},"end":{"line":74,"column":2}},"21":{"start":{"line":66,"column":8},"end":{"line":66,"column":47}},"22":{"start":{"line":67,"column":8},"end":{"line":67,"column":25}},"23":{"start":{"line":71,"column":8},"end":{"line":71,"column":49}},"24":{"start":{"line":72,"column":8},"end":{"line":72,"column":25}}},"branchMap":{"1":{"line":43,"type":"binary-expr","locations":[{"start":{"line":43,"column":63},"end":{"line":43,"column":73}},{"start":{"line":43,"column":77},"end":{"line":43,"column":84}}]},"2":{"line":58,"type":"if","locations":[{"start":{"line":58,"column":4},"end":{"line":58,"column":4}},{"start":{"line":58,"column":4},"end":{"line":58,"column":4}}]}},"code":["// ","// Error handling in gulp ","//","// http://www.artandlogic.com/blog/2014/05/error-handling-in-gulp/","// https://github.com/ethanmuller/gulp-init/blob/master/error-handler.coffee","","var gutil = require('gulp-util');","","// Command line option:","//  --fatal=[warning|error|off]","var fatalLevel = require('yargs').argv.fatal;","","var ERROR_LEVELS = [","    'error',","    'warning'","];","","var ERROR_COLORS = {","    warning: gutil.colors.yellow,","    error: gutil.colors.red","};","","var ERROR_EMOTES = {","    warning: [","        '¯\\\\_(ツ)_/¯',","        '(╯︵╰,)',","        '(ಠ_ಠ)'","    ],","    error: [","        '(╯°□°）╯︵ ┻━┻',","        '┻━┻  ︵ \\\\(°□°)/ ︵ ┻━┻',","        'ლ (ಠ益ಠ)ლ'","    ]","};","","// If the fatalLevel is 'off', then this will always return false.","// Defaults the fatalLevel to 'error'.","var isFatal = function(level) {","    var errorLevels = [","        'error',","        'warning'","    ];","    return ERROR_LEVELS.indexOf(level) <= ERROR_LEVELS.indexOf(fatalLevel || 'error');","};","","// Handle an error based on its severity level.","// Log all levels, and exit the process for fatal levels.","var handleError = function(level, error) {","    var emotes = ERROR_EMOTES[level];","    var color = ERROR_COLORS[level];","    var msg = color(level.toUpperCase()) + ' triggered by ' + gutil.colors.magenta(error.plugin);","    var randomEmote = emotes[Math.floor(Math.random()*emotes.length)];","","    gutil.beep();","    gutil.log(msg);","    gutil.log(color(randomEmote));","    gutil.log(color(error.message));","    if (isFatal(level)) {","        process.exit(1);","    }","};","","module.exports = {","    // Convenience handler for error-level errors.","    error: function(error) {","        handleError.call(this, 'error', error);","        this.emit('end');","    },","    // Convenience handler for warning-level errors.","    warning: function(error) {","        handleError.call(this, 'warning', error);","        this.emit('end');","    }","};",""],"l":{"7":2,"11":0,"13":0,"18":0,"23":0,"38":0,"39":0,"43":0,"48":0,"49":0,"50":0,"51":0,"52":0,"54":0,"55":0,"56":0,"57":0,"58":0,"59":0,"63":0,"66":0,"67":0,"71":0,"72":0}},"/home/travis/build/npmtest/node-npmtest-browserify-css/node_modules/browserify-css/gulpfile.js":{"path":"/home/travis/build/npmtest/node-npmtest-browserify-css/node_modules/browserify-css/gulpfile.js","s":{"1":2,"2":2,"3":0,"4":0,"5":0,"6":0,"7":0,"8":0},"b":{},"f":{"1":0},"fnMap":{"1":{"name":"(anonymous_1)","line":10,"loc":{"start":{"line":10,"column":14},"end":{"line":10,"column":43}}}},"statementMap":{"1":{"start":{"line":3,"column":0},"end":{"line":3,"column":26}},"2":{"start":{"line":4,"column":0},"end":{"line":4,"column":27}},"3":{"start":{"line":5,"column":0},"end":{"line":5,"column":40}},"4":{"start":{"line":8,"column":0},"end":{"line":8,"column":58}},"5":{"start":{"line":10,"column":0},"end":{"line":16,"column":3}},"6":{"start":{"line":11,"column":4},"end":{"line":11,"column":106}},"7":{"start":{"line":12,"column":4},"end":{"line":15,"column":7}},"8":{"start":{"line":18,"column":0},"end":{"line":18,"column":32}}},"branchMap":{},"code":["'use strict';","","var _ = require('lodash');","var gulp = require('gulp');","var requireDir = require('require-dir');","","// Require all tasks in gulp/tasks, including subfolders","var tasks = requireDir('./gulp/tasks', {recursive: true});","","_.each(tasks, function(task, relativePath) {","    console.assert(_.isFunction(task), 'gulp/tasks/%s: module\\'s export is not a function', relativePath);","    task({","        config: require('./gulp/config'),","        errorHandler: require('./gulp/error-handler')","    });","});","","gulp.task('default', ['build']);",""],"l":{"3":2,"4":2,"5":0,"8":0,"10":0,"11":0,"12":0,"18":0}}}